{"/Users/kibe/Andela/CP/react-bucketlist-api/client/components/ActionsComponent.jsx": {"path":"/Users/kibe/Andela/CP/react-bucketlist-api/client/components/ActionsComponent.jsx","statementMap":{"0":{"start":{"line":7,"column":8},"end":{"line":15,"column":10}},"1":{"start":{"line":10,"column":37},"end":{"line":10,"column":71}}},"fnMap":{"0":{"name":"(anonymous_0)","decl":{"start":{"line":6,"column":4},"end":{"line":6,"column":5}},"loc":{"start":{"line":6,"column":13},"end":{"line":16,"column":5}},"line":6},"1":{"name":"(anonymous_1)","decl":{"start":{"line":10,"column":31},"end":{"line":10,"column":32}},"loc":{"start":{"line":10,"column":37},"end":{"line":10,"column":71}},"line":10}},"branchMap":{},"s":{"0":1,"1":0},"f":{"0":1,"1":0},"b":{},"_coverageSchema":"332fd63041d2c1bcb487cc26dd0d5f7d97098a6c","hash":"711833aa0ceb30b5d81bc94a34ba0b996f39f31a"}
,"/Users/kibe/Andela/CP/react-bucketlist-api/client/components/BucketlistRow.jsx": {"path":"/Users/kibe/Andela/CP/react-bucketlist-api/client/components/BucketlistRow.jsx","statementMap":{"0":{"start":{"line":10,"column":8},"end":{"line":10,"column":21}},"1":{"start":{"line":15,"column":8},"end":{"line":38,"column":10}},"2":{"start":{"line":21,"column":41},"end":{"line":21,"column":102}},"3":{"start":{"line":26,"column":39},"end":{"line":26,"column":97}},"4":{"start":{"line":31,"column":39},"end":{"line":31,"column":99}}},"fnMap":{"0":{"name":"(anonymous_0)","decl":{"start":{"line":9,"column":4},"end":{"line":9,"column":5}},"loc":{"start":{"line":9,"column":23},"end":{"line":12,"column":5}},"line":9},"1":{"name":"(anonymous_1)","decl":{"start":{"line":14,"column":4},"end":{"line":14,"column":5}},"loc":{"start":{"line":14,"column":14},"end":{"line":39,"column":5}},"line":14},"2":{"name":"(anonymous_2)","decl":{"start":{"line":21,"column":35},"end":{"line":21,"column":36}},"loc":{"start":{"line":21,"column":41},"end":{"line":21,"column":102}},"line":21},"3":{"name":"(anonymous_3)","decl":{"start":{"line":26,"column":33},"end":{"line":26,"column":34}},"loc":{"start":{"line":26,"column":39},"end":{"line":26,"column":97}},"line":26},"4":{"name":"(anonymous_4)","decl":{"start":{"line":31,"column":33},"end":{"line":31,"column":34}},"loc":{"start":{"line":31,"column":39},"end":{"line":31,"column":99}},"line":31}},"branchMap":{},"s":{"0":0,"1":0,"2":0,"3":0,"4":0},"f":{"0":0,"1":0,"2":0,"3":0,"4":0},"b":{},"_coverageSchema":"332fd63041d2c1bcb487cc26dd0d5f7d97098a6c","hash":"21eaa1a4120e38fcf3b15be3646fd1e8beef740d"}
,"/Users/kibe/Andela/CP/react-bucketlist-api/client/components/CreateBucketlist.jsx": {"path":"/Users/kibe/Andela/CP/react-bucketlist-api/client/components/CreateBucketlist.jsx","statementMap":{"0":{"start":{"line":11,"column":8},"end":{"line":11,"column":21}},"1":{"start":{"line":13,"column":8},"end":{"line":17,"column":10}},"2":{"start":{"line":19,"column":8},"end":{"line":19,"column":49}},"3":{"start":{"line":20,"column":8},"end":{"line":20,"column":45}},"4":{"start":{"line":25,"column":22},"end":{"line":25,"column":39}},"5":{"start":{"line":26,"column":27},"end":{"line":26,"column":48}},"6":{"start":{"line":27,"column":8},"end":{"line":27,"column":47}},"7":{"start":{"line":29,"column":8},"end":{"line":31,"column":11}},"8":{"start":{"line":36,"column":8},"end":{"line":36,"column":31}},"9":{"start":{"line":38,"column":27},"end":{"line":38,"column":48}},"10":{"start":{"line":40,"column":8},"end":{"line":69,"column":11}},"11":{"start":{"line":45,"column":16},"end":{"line":45,"column":67}},"12":{"start":{"line":46,"column":16},"end":{"line":46,"column":52}},"13":{"start":{"line":50,"column":12},"end":{"line":67,"column":13}},"14":{"start":{"line":53,"column":14},"end":{"line":53,"column":67}},"15":{"start":{"line":54,"column":14},"end":{"line":54,"column":64}},"16":{"start":{"line":55,"column":14},"end":{"line":55,"column":68}},"17":{"start":{"line":56,"column":14},"end":{"line":56,"column":70}},"18":{"start":{"line":57,"column":19},"end":{"line":67,"column":13}},"19":{"start":{"line":61,"column":14},"end":{"line":61,"column":58}},"20":{"start":{"line":62,"column":19},"end":{"line":67,"column":13}},"21":{"start":{"line":64,"column":16},"end":{"line":64,"column":56}},"22":{"start":{"line":65,"column":19},"end":{"line":67,"column":13}},"23":{"start":{"line":66,"column":16},"end":{"line":66,"column":58}},"24":{"start":{"line":68,"column":12},"end":{"line":68,"column":47}},"25":{"start":{"line":73,"column":8},"end":{"line":101,"column":10}},"26":{"start":{"line":76,"column":37},"end":{"line":76,"column":69}}},"fnMap":{"0":{"name":"(anonymous_0)","decl":{"start":{"line":10,"column":4},"end":{"line":10,"column":5}},"loc":{"start":{"line":10,"column":23},"end":{"line":21,"column":5}},"line":10},"1":{"name":"(anonymous_1)","decl":{"start":{"line":24,"column":4},"end":{"line":24,"column":5}},"loc":{"start":{"line":24,"column":20},"end":{"line":32,"column":5}},"line":24},"2":{"name":"(anonymous_2)","decl":{"start":{"line":35,"column":4},"end":{"line":35,"column":5}},"loc":{"start":{"line":35,"column":18},"end":{"line":70,"column":5}},"line":35},"3":{"name":"(anonymous_3)","decl":{"start":{"line":44,"column":99},"end":{"line":44,"column":100}},"loc":{"start":{"line":44,"column":113},"end":{"line":47,"column":9}},"line":44},"4":{"name":"(anonymous_4)","decl":{"start":{"line":49,"column":15},"end":{"line":49,"column":16}},"loc":{"start":{"line":49,"column":32},"end":{"line":69,"column":9}},"line":49},"5":{"name":"(anonymous_5)","decl":{"start":{"line":72,"column":4},"end":{"line":72,"column":5}},"loc":{"start":{"line":72,"column":14},"end":{"line":102,"column":5}},"line":72},"6":{"name":"(anonymous_6)","decl":{"start":{"line":76,"column":31},"end":{"line":76,"column":32}},"loc":{"start":{"line":76,"column":37},"end":{"line":76,"column":69}},"line":76}},"branchMap":{"0":{"loc":{"start":{"line":50,"column":12},"end":{"line":67,"column":13}},"type":"if","locations":[{"start":{"line":50,"column":12},"end":{"line":67,"column":13}},{"start":{"line":50,"column":12},"end":{"line":67,"column":13}}],"line":50},"1":{"loc":{"start":{"line":57,"column":19},"end":{"line":67,"column":13}},"type":"if","locations":[{"start":{"line":57,"column":19},"end":{"line":67,"column":13}},{"start":{"line":57,"column":19},"end":{"line":67,"column":13}}],"line":57},"2":{"loc":{"start":{"line":62,"column":19},"end":{"line":67,"column":13}},"type":"if","locations":[{"start":{"line":62,"column":19},"end":{"line":67,"column":13}},{"start":{"line":62,"column":19},"end":{"line":67,"column":13}}],"line":62},"3":{"loc":{"start":{"line":65,"column":19},"end":{"line":67,"column":13}},"type":"if","locations":[{"start":{"line":65,"column":19},"end":{"line":67,"column":13}},{"start":{"line":65,"column":19},"end":{"line":67,"column":13}}],"line":65}},"s":{"0":0,"1":0,"2":0,"3":0,"4":0,"5":0,"6":0,"7":0,"8":0,"9":0,"10":0,"11":0,"12":0,"13":0,"14":0,"15":0,"16":0,"17":0,"18":0,"19":0,"20":0,"21":0,"22":0,"23":0,"24":0,"25":0,"26":0},"f":{"0":0,"1":0,"2":0,"3":0,"4":0,"5":0,"6":0},"b":{"0":[0,0],"1":[0,0],"2":[0,0],"3":[0,0]},"_coverageSchema":"332fd63041d2c1bcb487cc26dd0d5f7d97098a6c","hash":"c2de2050f7b97940a56eb042e3d2a12b3da4b76b"}
,"/Users/kibe/Andela/CP/react-bucketlist-api/client/components/DeleteBucketlist.jsx": {"path":"/Users/kibe/Andela/CP/react-bucketlist-api/client/components/DeleteBucketlist.jsx","statementMap":{"0":{"start":{"line":7,"column":8},"end":{"line":7,"column":21}},"1":{"start":{"line":9,"column":8},"end":{"line":11,"column":10}},"2":{"start":{"line":13,"column":8},"end":{"line":13,"column":49}},"3":{"start":{"line":18,"column":27},"end":{"line":18,"column":50}},"4":{"start":{"line":20,"column":8},"end":{"line":49,"column":11}},"5":{"start":{"line":25,"column":16},"end":{"line":25,"column":67}},"6":{"start":{"line":27,"column":16},"end":{"line":27,"column":52}},"7":{"start":{"line":31,"column":12},"end":{"line":48,"column":13}},"8":{"start":{"line":34,"column":16},"end":{"line":34,"column":69}},"9":{"start":{"line":35,"column":16},"end":{"line":35,"column":66}},"10":{"start":{"line":36,"column":16},"end":{"line":36,"column":70}},"11":{"start":{"line":37,"column":16},"end":{"line":37,"column":72}},"12":{"start":{"line":38,"column":19},"end":{"line":48,"column":13}},"13":{"start":{"line":42,"column":16},"end":{"line":42,"column":60}},"14":{"start":{"line":43,"column":19},"end":{"line":48,"column":13}},"15":{"start":{"line":45,"column":16},"end":{"line":45,"column":56}},"16":{"start":{"line":46,"column":19},"end":{"line":48,"column":13}},"17":{"start":{"line":47,"column":16},"end":{"line":47,"column":58}},"18":{"start":{"line":53,"column":8},"end":{"line":60,"column":31}}},"fnMap":{"0":{"name":"(anonymous_0)","decl":{"start":{"line":6,"column":4},"end":{"line":6,"column":5}},"loc":{"start":{"line":6,"column":23},"end":{"line":14,"column":5}},"line":6},"1":{"name":"(anonymous_1)","decl":{"start":{"line":17,"column":4},"end":{"line":17,"column":5}},"loc":{"start":{"line":17,"column":20},"end":{"line":50,"column":5}},"line":17},"2":{"name":"(anonymous_2)","decl":{"start":{"line":24,"column":99},"end":{"line":24,"column":100}},"loc":{"start":{"line":24,"column":113},"end":{"line":28,"column":9}},"line":24},"3":{"name":"(anonymous_3)","decl":{"start":{"line":30,"column":15},"end":{"line":30,"column":16}},"loc":{"start":{"line":30,"column":32},"end":{"line":49,"column":9}},"line":30},"4":{"name":"(anonymous_4)","decl":{"start":{"line":52,"column":4},"end":{"line":52,"column":5}},"loc":{"start":{"line":52,"column":13},"end":{"line":61,"column":5}},"line":52}},"branchMap":{"0":{"loc":{"start":{"line":31,"column":12},"end":{"line":48,"column":13}},"type":"if","locations":[{"start":{"line":31,"column":12},"end":{"line":48,"column":13}},{"start":{"line":31,"column":12},"end":{"line":48,"column":13}}],"line":31},"1":{"loc":{"start":{"line":38,"column":19},"end":{"line":48,"column":13}},"type":"if","locations":[{"start":{"line":38,"column":19},"end":{"line":48,"column":13}},{"start":{"line":38,"column":19},"end":{"line":48,"column":13}}],"line":38},"2":{"loc":{"start":{"line":43,"column":19},"end":{"line":48,"column":13}},"type":"if","locations":[{"start":{"line":43,"column":19},"end":{"line":48,"column":13}},{"start":{"line":43,"column":19},"end":{"line":48,"column":13}}],"line":43},"3":{"loc":{"start":{"line":46,"column":19},"end":{"line":48,"column":13}},"type":"if","locations":[{"start":{"line":46,"column":19},"end":{"line":48,"column":13}},{"start":{"line":46,"column":19},"end":{"line":48,"column":13}}],"line":46}},"s":{"0":0,"1":0,"2":0,"3":0,"4":0,"5":0,"6":0,"7":0,"8":0,"9":0,"10":0,"11":0,"12":0,"13":0,"14":0,"15":0,"16":0,"17":0,"18":0},"f":{"0":0,"1":0,"2":0,"3":0,"4":0},"b":{"0":[0,0],"1":[0,0],"2":[0,0],"3":[0,0]},"_coverageSchema":"332fd63041d2c1bcb487cc26dd0d5f7d97098a6c","hash":"f5a957dbc9ce7fa4134e1713fc8551b6957c84a6"}
,"/Users/kibe/Andela/CP/react-bucketlist-api/client/components/EditBucketlist.jsx": {"path":"/Users/kibe/Andela/CP/react-bucketlist-api/client/components/EditBucketlist.jsx","statementMap":{"0":{"start":{"line":11,"column":8},"end":{"line":11,"column":21}},"1":{"start":{"line":13,"column":8},"end":{"line":18,"column":10}},"2":{"start":{"line":20,"column":12},"end":{"line":20,"column":53}},"3":{"start":{"line":21,"column":12},"end":{"line":21,"column":49}},"4":{"start":{"line":27,"column":27},"end":{"line":27,"column":50}},"5":{"start":{"line":29,"column":8},"end":{"line":58,"column":11}},"6":{"start":{"line":33,"column":16},"end":{"line":36,"column":15}},"7":{"start":{"line":40,"column":12},"end":{"line":55,"column":13}},"8":{"start":{"line":43,"column":16},"end":{"line":43,"column":69}},"9":{"start":{"line":44,"column":16},"end":{"line":44,"column":66}},"10":{"start":{"line":45,"column":16},"end":{"line":45,"column":70}},"11":{"start":{"line":46,"column":16},"end":{"line":46,"column":72}},"12":{"start":{"line":47,"column":19},"end":{"line":55,"column":13}},"13":{"start":{"line":51,"column":16},"end":{"line":51,"column":60}},"14":{"start":{"line":54,"column":16},"end":{"line":54,"column":56}},"15":{"start":{"line":56,"column":12},"end":{"line":56,"column":54}},"16":{"start":{"line":63,"column":8},"end":{"line":65,"column":11}},"17":{"start":{"line":70,"column":8},"end":{"line":70,"column":31}},"18":{"start":{"line":73,"column":21},"end":{"line":75,"column":9}},"19":{"start":{"line":77,"column":8},"end":{"line":77,"column":38}},"20":{"start":{"line":78,"column":29},"end":{"line":78,"column":52}},"21":{"start":{"line":80,"column":8},"end":{"line":106,"column":11}},"22":{"start":{"line":85,"column":16},"end":{"line":85,"column":67}},"23":{"start":{"line":89,"column":12},"end":{"line":104,"column":13}},"24":{"start":{"line":92,"column":14},"end":{"line":92,"column":67}},"25":{"start":{"line":93,"column":14},"end":{"line":93,"column":64}},"26":{"start":{"line":94,"column":14},"end":{"line":94,"column":68}},"27":{"start":{"line":95,"column":14},"end":{"line":95,"column":70}},"28":{"start":{"line":96,"column":19},"end":{"line":104,"column":13}},"29":{"start":{"line":100,"column":14},"end":{"line":100,"column":58}},"30":{"start":{"line":103,"column":14},"end":{"line":103,"column":54}},"31":{"start":{"line":105,"column":12},"end":{"line":105,"column":54}},"32":{"start":{"line":110,"column":8},"end":{"line":137,"column":10}},"33":{"start":{"line":114,"column":37},"end":{"line":114,"column":72}}},"fnMap":{"0":{"name":"(anonymous_0)","decl":{"start":{"line":10,"column":4},"end":{"line":10,"column":5}},"loc":{"start":{"line":10,"column":23},"end":{"line":22,"column":5}},"line":10},"1":{"name":"(anonymous_1)","decl":{"start":{"line":26,"column":4},"end":{"line":26,"column":5}},"loc":{"start":{"line":26,"column":24},"end":{"line":59,"column":5}},"line":26},"2":{"name":"(anonymous_2)","decl":{"start":{"line":32,"column":99},"end":{"line":32,"column":100}},"loc":{"start":{"line":32,"column":113},"end":{"line":37,"column":9}},"line":32},"3":{"name":"(anonymous_3)","decl":{"start":{"line":39,"column":15},"end":{"line":39,"column":16}},"loc":{"start":{"line":39,"column":32},"end":{"line":58,"column":9}},"line":39},"4":{"name":"(anonymous_4)","decl":{"start":{"line":62,"column":4},"end":{"line":62,"column":5}},"loc":{"start":{"line":62,"column":20},"end":{"line":66,"column":5}},"line":62},"5":{"name":"(anonymous_5)","decl":{"start":{"line":69,"column":4},"end":{"line":69,"column":5}},"loc":{"start":{"line":69,"column":18},"end":{"line":107,"column":5}},"line":69},"6":{"name":"(anonymous_6)","decl":{"start":{"line":84,"column":99},"end":{"line":84,"column":100}},"loc":{"start":{"line":84,"column":113},"end":{"line":86,"column":9}},"line":84},"7":{"name":"(anonymous_7)","decl":{"start":{"line":88,"column":15},"end":{"line":88,"column":16}},"loc":{"start":{"line":88,"column":32},"end":{"line":106,"column":9}},"line":88},"8":{"name":"(anonymous_8)","decl":{"start":{"line":109,"column":4},"end":{"line":109,"column":5}},"loc":{"start":{"line":109,"column":13},"end":{"line":138,"column":5}},"line":109},"9":{"name":"(anonymous_9)","decl":{"start":{"line":114,"column":31},"end":{"line":114,"column":32}},"loc":{"start":{"line":114,"column":37},"end":{"line":114,"column":72}},"line":114}},"branchMap":{"0":{"loc":{"start":{"line":40,"column":12},"end":{"line":55,"column":13}},"type":"if","locations":[{"start":{"line":40,"column":12},"end":{"line":55,"column":13}},{"start":{"line":40,"column":12},"end":{"line":55,"column":13}}],"line":40},"1":{"loc":{"start":{"line":47,"column":19},"end":{"line":55,"column":13}},"type":"if","locations":[{"start":{"line":47,"column":19},"end":{"line":55,"column":13}},{"start":{"line":47,"column":19},"end":{"line":55,"column":13}}],"line":47},"2":{"loc":{"start":{"line":89,"column":12},"end":{"line":104,"column":13}},"type":"if","locations":[{"start":{"line":89,"column":12},"end":{"line":104,"column":13}},{"start":{"line":89,"column":12},"end":{"line":104,"column":13}}],"line":89},"3":{"loc":{"start":{"line":96,"column":19},"end":{"line":104,"column":13}},"type":"if","locations":[{"start":{"line":96,"column":19},"end":{"line":104,"column":13}},{"start":{"line":96,"column":19},"end":{"line":104,"column":13}}],"line":96}},"s":{"0":0,"1":0,"2":0,"3":0,"4":0,"5":0,"6":0,"7":0,"8":0,"9":0,"10":0,"11":0,"12":0,"13":0,"14":0,"15":0,"16":0,"17":0,"18":0,"19":0,"20":0,"21":0,"22":0,"23":0,"24":0,"25":0,"26":0,"27":0,"28":0,"29":0,"30":0,"31":0,"32":0,"33":0},"f":{"0":0,"1":0,"2":0,"3":0,"4":0,"5":0,"6":0,"7":0,"8":0,"9":0},"b":{"0":[0,0],"1":[0,0],"2":[0,0],"3":[0,0]},"_coverageSchema":"332fd63041d2c1bcb487cc26dd0d5f7d97098a6c","hash":"c614d320758838e96f19afb3fd5797b89006071c"}
,"/Users/kibe/Andela/CP/react-bucketlist-api/client/components/GetAllBucketlists.jsx": {"path":"/Users/kibe/Andela/CP/react-bucketlist-api/client/components/GetAllBucketlists.jsx","statementMap":{"0":{"start":{"line":12,"column":8},"end":{"line":12,"column":21}},"1":{"start":{"line":14,"column":8},"end":{"line":16,"column":10}},"2":{"start":{"line":21,"column":8},"end":{"line":49,"column":11}},"3":{"start":{"line":25,"column":16},"end":{"line":27,"column":15}},"4":{"start":{"line":31,"column":12},"end":{"line":46,"column":13}},"5":{"start":{"line":34,"column":16},"end":{"line":34,"column":69}},"6":{"start":{"line":35,"column":16},"end":{"line":35,"column":66}},"7":{"start":{"line":36,"column":16},"end":{"line":36,"column":70}},"8":{"start":{"line":37,"column":16},"end":{"line":37,"column":72}},"9":{"start":{"line":38,"column":19},"end":{"line":46,"column":13}},"10":{"start":{"line":42,"column":16},"end":{"line":42,"column":60}},"11":{"start":{"line":45,"column":16},"end":{"line":45,"column":56}},"12":{"start":{"line":48,"column":12},"end":{"line":48,"column":54}},"13":{"start":{"line":55,"column":29},"end":{"line":55,"column":54}},"14":{"start":{"line":57,"column":8},"end":{"line":65,"column":10}}},"fnMap":{"0":{"name":"(anonymous_0)","decl":{"start":{"line":11,"column":4},"end":{"line":11,"column":5}},"loc":{"start":{"line":11,"column":23},"end":{"line":17,"column":5}},"line":11},"1":{"name":"(anonymous_1)","decl":{"start":{"line":20,"column":4},"end":{"line":20,"column":5}},"loc":{"start":{"line":20,"column":24},"end":{"line":51,"column":5}},"line":20},"2":{"name":"(anonymous_2)","decl":{"start":{"line":24,"column":99},"end":{"line":24,"column":100}},"loc":{"start":{"line":24,"column":113},"end":{"line":28,"column":9}},"line":24},"3":{"name":"(anonymous_3)","decl":{"start":{"line":30,"column":15},"end":{"line":30,"column":16}},"loc":{"start":{"line":30,"column":32},"end":{"line":49,"column":9}},"line":30},"4":{"name":"(anonymous_4)","decl":{"start":{"line":54,"column":4},"end":{"line":54,"column":5}},"loc":{"start":{"line":54,"column":13},"end":{"line":66,"column":5}},"line":54}},"branchMap":{"0":{"loc":{"start":{"line":31,"column":12},"end":{"line":46,"column":13}},"type":"if","locations":[{"start":{"line":31,"column":12},"end":{"line":46,"column":13}},{"start":{"line":31,"column":12},"end":{"line":46,"column":13}}],"line":31},"1":{"loc":{"start":{"line":38,"column":19},"end":{"line":46,"column":13}},"type":"if","locations":[{"start":{"line":38,"column":19},"end":{"line":46,"column":13}},{"start":{"line":38,"column":19},"end":{"line":46,"column":13}}],"line":38}},"s":{"0":1,"1":1,"2":1,"3":0,"4":1,"5":0,"6":0,"7":0,"8":0,"9":1,"10":1,"11":0,"12":1,"13":1,"14":1},"f":{"0":1,"1":1,"2":0,"3":1,"4":1},"b":{"0":[0,1],"1":[1,0]},"_coverageSchema":"332fd63041d2c1bcb487cc26dd0d5f7d97098a6c","hash":"25387f79e5419b27f91145c4d744f13299e8c65a"}
,"/Users/kibe/Andela/CP/react-bucketlist-api/client/components/GetOneBucketlist.jsx": {"path":"/Users/kibe/Andela/CP/react-bucketlist-api/client/components/GetOneBucketlist.jsx","statementMap":{"0":{"start":{"line":16,"column":8},"end":{"line":16,"column":21}},"1":{"start":{"line":18,"column":8},"end":{"line":24,"column":10}},"2":{"start":{"line":26,"column":8},"end":{"line":26,"column":63}},"3":{"start":{"line":31,"column":8},"end":{"line":33,"column":11}},"4":{"start":{"line":35,"column":8},"end":{"line":39,"column":9}},"5":{"start":{"line":36,"column":12},"end":{"line":38,"column":15}},"6":{"start":{"line":44,"column":27},"end":{"line":44,"column":50}},"7":{"start":{"line":46,"column":8},"end":{"line":74,"column":11}},"8":{"start":{"line":50,"column":16},"end":{"line":53,"column":15}},"9":{"start":{"line":56,"column":12},"end":{"line":71,"column":13}},"10":{"start":{"line":59,"column":16},"end":{"line":59,"column":69}},"11":{"start":{"line":60,"column":16},"end":{"line":60,"column":66}},"12":{"start":{"line":61,"column":16},"end":{"line":61,"column":70}},"13":{"start":{"line":62,"column":16},"end":{"line":62,"column":72}},"14":{"start":{"line":63,"column":19},"end":{"line":71,"column":13}},"15":{"start":{"line":67,"column":16},"end":{"line":67,"column":60}},"16":{"start":{"line":70,"column":16},"end":{"line":70,"column":56}},"17":{"start":{"line":73,"column":12},"end":{"line":73,"column":54}},"18":{"start":{"line":80,"column":16},"end":{"line":105,"column":17}},"19":{"start":{"line":82,"column":24},"end":{"line":83,"column":84}},"20":{"start":{"line":84,"column":24},"end":{"line":84,"column":30}},"21":{"start":{"line":86,"column":24},"end":{"line":87,"column":84}},"22":{"start":{"line":88,"column":24},"end":{"line":88,"column":30}},"23":{"start":{"line":90,"column":24},"end":{"line":91,"column":84}},"24":{"start":{"line":92,"column":24},"end":{"line":92,"column":30}},"25":{"start":{"line":94,"column":24},"end":{"line":95,"column":84}},"26":{"start":{"line":96,"column":24},"end":{"line":96,"column":30}},"27":{"start":{"line":98,"column":24},"end":{"line":99,"column":84}},"28":{"start":{"line":100,"column":24},"end":{"line":100,"column":30}},"29":{"start":{"line":102,"column":24},"end":{"line":103,"column":84}},"30":{"start":{"line":104,"column":24},"end":{"line":104,"column":30}},"31":{"start":{"line":107,"column":8},"end":{"line":138,"column":10}},"32":{"start":{"line":112,"column":45},"end":{"line":112,"column":80}}},"fnMap":{"0":{"name":"(anonymous_0)","decl":{"start":{"line":15,"column":4},"end":{"line":15,"column":5}},"loc":{"start":{"line":15,"column":23},"end":{"line":27,"column":5}},"line":15},"1":{"name":"(anonymous_1)","decl":{"start":{"line":30,"column":4},"end":{"line":30,"column":5}},"loc":{"start":{"line":30,"column":37},"end":{"line":40,"column":5}},"line":30},"2":{"name":"(anonymous_2)","decl":{"start":{"line":43,"column":4},"end":{"line":43,"column":5}},"loc":{"start":{"line":43,"column":24},"end":{"line":75,"column":5}},"line":43},"3":{"name":"(anonymous_3)","decl":{"start":{"line":49,"column":99},"end":{"line":49,"column":100}},"loc":{"start":{"line":49,"column":113},"end":{"line":55,"column":9}},"line":49},"4":{"name":"(anonymous_4)","decl":{"start":{"line":55,"column":17},"end":{"line":55,"column":18}},"loc":{"start":{"line":55,"column":34},"end":{"line":74,"column":9}},"line":55},"5":{"name":"(anonymous_5)","decl":{"start":{"line":77,"column":4},"end":{"line":77,"column":5}},"loc":{"start":{"line":77,"column":13},"end":{"line":139,"column":5}},"line":77},"6":{"name":"(anonymous_6)","decl":{"start":{"line":112,"column":39},"end":{"line":112,"column":40}},"loc":{"start":{"line":112,"column":45},"end":{"line":112,"column":80}},"line":112}},"branchMap":{"0":{"loc":{"start":{"line":35,"column":8},"end":{"line":39,"column":9}},"type":"if","locations":[{"start":{"line":35,"column":8},"end":{"line":39,"column":9}},{"start":{"line":35,"column":8},"end":{"line":39,"column":9}}],"line":35},"1":{"loc":{"start":{"line":56,"column":12},"end":{"line":71,"column":13}},"type":"if","locations":[{"start":{"line":56,"column":12},"end":{"line":71,"column":13}},{"start":{"line":56,"column":12},"end":{"line":71,"column":13}}],"line":56},"2":{"loc":{"start":{"line":63,"column":19},"end":{"line":71,"column":13}},"type":"if","locations":[{"start":{"line":63,"column":19},"end":{"line":71,"column":13}},{"start":{"line":63,"column":19},"end":{"line":71,"column":13}}],"line":63},"3":{"loc":{"start":{"line":80,"column":16},"end":{"line":105,"column":17}},"type":"switch","locations":[{"start":{"line":81,"column":20},"end":{"line":84,"column":30}},{"start":{"line":85,"column":20},"end":{"line":88,"column":30}},{"start":{"line":89,"column":20},"end":{"line":92,"column":30}},{"start":{"line":93,"column":20},"end":{"line":96,"column":30}},{"start":{"line":97,"column":20},"end":{"line":100,"column":30}},{"start":{"line":101,"column":20},"end":{"line":104,"column":30}}],"line":80}},"s":{"0":0,"1":0,"2":0,"3":0,"4":0,"5":0,"6":0,"7":0,"8":0,"9":0,"10":0,"11":0,"12":0,"13":0,"14":0,"15":0,"16":0,"17":0,"18":0,"19":0,"20":0,"21":0,"22":0,"23":0,"24":0,"25":0,"26":0,"27":0,"28":0,"29":0,"30":0,"31":0,"32":0},"f":{"0":0,"1":0,"2":0,"3":0,"4":0,"5":0,"6":0},"b":{"0":[0,0],"1":[0,0],"2":[0,0],"3":[0,0,0,0,0,0]},"_coverageSchema":"332fd63041d2c1bcb487cc26dd0d5f7d97098a6c","hash":"f92789b6decaeafbcd77a1869ad8bc5b0ef4b2e4"}
,"/Users/kibe/Andela/CP/react-bucketlist-api/client/components/HomePage.jsx": {"path":"/Users/kibe/Andela/CP/react-bucketlist-api/client/components/HomePage.jsx","statementMap":{"0":{"start":{"line":4,"column":17},"end":{"line":8,"column":1}},"1":{"start":{"line":5,"column":4},"end":{"line":7,"column":12}}},"fnMap":{"0":{"name":"(anonymous_0)","decl":{"start":{"line":4,"column":17},"end":{"line":4,"column":18}},"loc":{"start":{"line":5,"column":4},"end":{"line":7,"column":12}},"line":5}},"branchMap":{},"s":{"0":1,"1":1},"f":{"0":1},"b":{},"_coverageSchema":"332fd63041d2c1bcb487cc26dd0d5f7d97098a6c","hash":"dfc8388011a6558c07ecc8696752fb8cec27d76f"}
,"/Users/kibe/Andela/CP/react-bucketlist-api/client/components/LoginForm.jsx": {"path":"/Users/kibe/Andela/CP/react-bucketlist-api/client/components/LoginForm.jsx","statementMap":{"0":{"start":{"line":8,"column":18},"end":{"line":45,"column":1}},"1":{"start":{"line":9,"column":4},"end":{"line":44,"column":11}},"2":{"start":{"line":47,"column":0},"end":{"line":52,"column":2}}},"fnMap":{"0":{"name":"(anonymous_0)","decl":{"start":{"line":8,"column":18},"end":{"line":8,"column":19}},"loc":{"start":{"line":9,"column":4},"end":{"line":44,"column":11}},"line":9}},"branchMap":{"0":{"loc":{"start":{"line":13,"column":14},"end":{"line":13,"column":83}},"type":"binary-expr","locations":[{"start":{"line":13,"column":14},"end":{"line":13,"column":28}},{"start":{"line":13,"column":32},"end":{"line":13,"column":83}}],"line":13}},"s":{"0":1,"1":1,"2":1},"f":{"0":1},"b":{"0":[1,0]},"_coverageSchema":"332fd63041d2c1bcb487cc26dd0d5f7d97098a6c","hash":"b9e4ca42f745475e8c6732b2c9216097da264a66"}
,"/Users/kibe/Andela/CP/react-bucketlist-api/client/components/SignUpForm.jsx": {"path":"/Users/kibe/Andela/CP/react-bucketlist-api/client/components/SignUpForm.jsx","statementMap":{"0":{"start":{"line":8,"column":19},"end":{"line":55,"column":1}},"1":{"start":{"line":9,"column":4},"end":{"line":54,"column":11}},"2":{"start":{"line":57,"column":0},"end":{"line":62,"column":2}}},"fnMap":{"0":{"name":"(anonymous_0)","decl":{"start":{"line":8,"column":19},"end":{"line":8,"column":20}},"loc":{"start":{"line":9,"column":4},"end":{"line":54,"column":11}},"line":9}},"branchMap":{"0":{"loc":{"start":{"line":13,"column":14},"end":{"line":13,"column":83}},"type":"binary-expr","locations":[{"start":{"line":13,"column":14},"end":{"line":13,"column":28}},{"start":{"line":13,"column":32},"end":{"line":13,"column":83}}],"line":13}},"s":{"0":1,"1":1,"2":1},"f":{"0":1},"b":{"0":[1,0]},"_coverageSchema":"332fd63041d2c1bcb487cc26dd0d5f7d97098a6c","hash":"42bea3f6e1fda76e33d7948b896d46e5ee96c69f"}
,"/Users/kibe/Andela/CP/react-bucketlist-api/client/components/TableBucketlists.jsx": {"path":"/Users/kibe/Andela/CP/react-bucketlist-api/client/components/TableBucketlists.jsx","statementMap":{"0":{"start":{"line":8,"column":8},"end":{"line":8,"column":21}},"1":{"start":{"line":9,"column":8},"end":{"line":13,"column":10}},"2":{"start":{"line":17,"column":19},"end":{"line":21,"column":21}},"3":{"start":{"line":18,"column":12},"end":{"line":20,"column":14}},"4":{"start":{"line":23,"column":8},"end":{"line":38,"column":10}}},"fnMap":{"0":{"name":"(anonymous_0)","decl":{"start":{"line":7,"column":4},"end":{"line":7,"column":5}},"loc":{"start":{"line":7,"column":23},"end":{"line":14,"column":5}},"line":7},"1":{"name":"(anonymous_1)","decl":{"start":{"line":16,"column":4},"end":{"line":16,"column":5}},"loc":{"start":{"line":16,"column":13},"end":{"line":39,"column":5}},"line":16},"2":{"name":"(anonymous_2)","decl":{"start":{"line":17,"column":46},"end":{"line":17,"column":47}},"loc":{"start":{"line":17,"column":70},"end":{"line":21,"column":9}},"line":17}},"branchMap":{"0":{"loc":{"start":{"line":24,"column":12},"end":{"line":37,"column":36}},"type":"cond-expr","locations":[{"start":{"line":24,"column":27},"end":{"line":24,"column":64}},{"start":{"line":25,"column":26},"end":{"line":37,"column":36}}],"line":24}},"s":{"0":1,"1":1,"2":1,"3":0,"4":1},"f":{"0":1,"1":1,"2":0},"b":{"0":[1,0]},"_coverageSchema":"332fd63041d2c1bcb487cc26dd0d5f7d97098a6c","hash":"3472836ed406ef408fe0fd0f8c11170892403474"}
,"/Users/kibe/Andela/CP/react-bucketlist-api/client/components/items/ActionsComponent.jsx": {"path":"/Users/kibe/Andela/CP/react-bucketlist-api/client/components/items/ActionsComponent.jsx","statementMap":{"0":{"start":{"line":8,"column":8},"end":{"line":16,"column":10}},"1":{"start":{"line":11,"column":37},"end":{"line":11,"column":73}}},"fnMap":{"0":{"name":"(anonymous_0)","decl":{"start":{"line":6,"column":4},"end":{"line":6,"column":5}},"loc":{"start":{"line":6,"column":13},"end":{"line":17,"column":5}},"line":6},"1":{"name":"(anonymous_1)","decl":{"start":{"line":11,"column":31},"end":{"line":11,"column":32}},"loc":{"start":{"line":11,"column":37},"end":{"line":11,"column":73}},"line":11}},"branchMap":{},"s":{"0":0,"1":0},"f":{"0":0,"1":0},"b":{},"_coverageSchema":"332fd63041d2c1bcb487cc26dd0d5f7d97098a6c","hash":"29429d564d88c5e38c77b937d6f89f0c4e3e2e27"}
,"/Users/kibe/Andela/CP/react-bucketlist-api/client/components/items/CreateItem.jsx": {"path":"/Users/kibe/Andela/CP/react-bucketlist-api/client/components/items/CreateItem.jsx","statementMap":{"0":{"start":{"line":11,"column":8},"end":{"line":11,"column":21}},"1":{"start":{"line":13,"column":8},"end":{"line":17,"column":10}},"2":{"start":{"line":19,"column":8},"end":{"line":19,"column":49}},"3":{"start":{"line":20,"column":8},"end":{"line":20,"column":45}},"4":{"start":{"line":25,"column":22},"end":{"line":25,"column":39}},"5":{"start":{"line":26,"column":21},"end":{"line":26,"column":36}},"6":{"start":{"line":27,"column":8},"end":{"line":27,"column":41}},"7":{"start":{"line":29,"column":8},"end":{"line":31,"column":11}},"8":{"start":{"line":36,"column":8},"end":{"line":36,"column":31}},"9":{"start":{"line":37,"column":29},"end":{"line":37,"column":52}},"10":{"start":{"line":39,"column":21},"end":{"line":39,"column":36}},"11":{"start":{"line":41,"column":8},"end":{"line":72,"column":11}},"12":{"start":{"line":46,"column":16},"end":{"line":46,"column":67}},"13":{"start":{"line":49,"column":12},"end":{"line":49,"column":50}},"14":{"start":{"line":53,"column":12},"end":{"line":70,"column":13}},"15":{"start":{"line":56,"column":14},"end":{"line":56,"column":67}},"16":{"start":{"line":57,"column":14},"end":{"line":57,"column":64}},"17":{"start":{"line":58,"column":14},"end":{"line":58,"column":68}},"18":{"start":{"line":59,"column":14},"end":{"line":59,"column":70}},"19":{"start":{"line":60,"column":19},"end":{"line":70,"column":13}},"20":{"start":{"line":64,"column":14},"end":{"line":64,"column":58}},"21":{"start":{"line":65,"column":19},"end":{"line":70,"column":13}},"22":{"start":{"line":67,"column":16},"end":{"line":67,"column":56}},"23":{"start":{"line":68,"column":19},"end":{"line":70,"column":13}},"24":{"start":{"line":69,"column":16},"end":{"line":69,"column":58}},"25":{"start":{"line":71,"column":12},"end":{"line":71,"column":47}},"26":{"start":{"line":76,"column":12},"end":{"line":101,"column":14}}},"fnMap":{"0":{"name":"(anonymous_0)","decl":{"start":{"line":10,"column":4},"end":{"line":10,"column":5}},"loc":{"start":{"line":10,"column":23},"end":{"line":21,"column":5}},"line":10},"1":{"name":"(anonymous_1)","decl":{"start":{"line":24,"column":4},"end":{"line":24,"column":5}},"loc":{"start":{"line":24,"column":20},"end":{"line":32,"column":5}},"line":24},"2":{"name":"(anonymous_2)","decl":{"start":{"line":35,"column":4},"end":{"line":35,"column":5}},"loc":{"start":{"line":35,"column":18},"end":{"line":73,"column":5}},"line":35},"3":{"name":"(anonymous_3)","decl":{"start":{"line":45,"column":99},"end":{"line":45,"column":100}},"loc":{"start":{"line":45,"column":113},"end":{"line":48,"column":9}},"line":45},"4":{"name":"(anonymous_4)","decl":{"start":{"line":48,"column":16},"end":{"line":48,"column":17}},"loc":{"start":{"line":48,"column":26},"end":{"line":50,"column":9}},"line":48},"5":{"name":"(anonymous_5)","decl":{"start":{"line":52,"column":15},"end":{"line":52,"column":16}},"loc":{"start":{"line":52,"column":32},"end":{"line":72,"column":9}},"line":52},"6":{"name":"(anonymous_6)","decl":{"start":{"line":75,"column":4},"end":{"line":75,"column":5}},"loc":{"start":{"line":75,"column":14},"end":{"line":102,"column":5}},"line":75}},"branchMap":{"0":{"loc":{"start":{"line":53,"column":12},"end":{"line":70,"column":13}},"type":"if","locations":[{"start":{"line":53,"column":12},"end":{"line":70,"column":13}},{"start":{"line":53,"column":12},"end":{"line":70,"column":13}}],"line":53},"1":{"loc":{"start":{"line":60,"column":19},"end":{"line":70,"column":13}},"type":"if","locations":[{"start":{"line":60,"column":19},"end":{"line":70,"column":13}},{"start":{"line":60,"column":19},"end":{"line":70,"column":13}}],"line":60},"2":{"loc":{"start":{"line":65,"column":19},"end":{"line":70,"column":13}},"type":"if","locations":[{"start":{"line":65,"column":19},"end":{"line":70,"column":13}},{"start":{"line":65,"column":19},"end":{"line":70,"column":13}}],"line":65},"3":{"loc":{"start":{"line":68,"column":19},"end":{"line":70,"column":13}},"type":"if","locations":[{"start":{"line":68,"column":19},"end":{"line":70,"column":13}},{"start":{"line":68,"column":19},"end":{"line":70,"column":13}}],"line":68}},"s":{"0":0,"1":0,"2":0,"3":0,"4":0,"5":0,"6":0,"7":0,"8":0,"9":0,"10":0,"11":0,"12":0,"13":0,"14":0,"15":0,"16":0,"17":0,"18":0,"19":0,"20":0,"21":0,"22":0,"23":0,"24":0,"25":0,"26":0},"f":{"0":0,"1":0,"2":0,"3":0,"4":0,"5":0,"6":0},"b":{"0":[0,0],"1":[0,0],"2":[0,0],"3":[0,0]},"_coverageSchema":"332fd63041d2c1bcb487cc26dd0d5f7d97098a6c","hash":"2239011d38fa8b756457f2c3a7b8b7e3907cc646"}
,"/Users/kibe/Andela/CP/react-bucketlist-api/client/components/items/DeleteItem.jsx": {"path":"/Users/kibe/Andela/CP/react-bucketlist-api/client/components/items/DeleteItem.jsx","statementMap":{"0":{"start":{"line":7,"column":8},"end":{"line":7,"column":21}},"1":{"start":{"line":9,"column":8},"end":{"line":11,"column":10}},"2":{"start":{"line":13,"column":8},"end":{"line":13,"column":49}},"3":{"start":{"line":18,"column":8},"end":{"line":18,"column":31}},"4":{"start":{"line":20,"column":29},"end":{"line":20,"column":52}},"5":{"start":{"line":21,"column":23},"end":{"line":21,"column":40}},"6":{"start":{"line":23,"column":8},"end":{"line":53,"column":11}},"7":{"start":{"line":30,"column":16},"end":{"line":30,"column":67}},"8":{"start":{"line":32,"column":16},"end":{"line":32,"column":54}},"9":{"start":{"line":35,"column":12},"end":{"line":52,"column":13}},"10":{"start":{"line":38,"column":16},"end":{"line":38,"column":69}},"11":{"start":{"line":39,"column":16},"end":{"line":39,"column":66}},"12":{"start":{"line":40,"column":16},"end":{"line":40,"column":70}},"13":{"start":{"line":41,"column":16},"end":{"line":41,"column":72}},"14":{"start":{"line":42,"column":19},"end":{"line":52,"column":13}},"15":{"start":{"line":46,"column":16},"end":{"line":46,"column":60}},"16":{"start":{"line":47,"column":19},"end":{"line":52,"column":13}},"17":{"start":{"line":49,"column":16},"end":{"line":49,"column":56}},"18":{"start":{"line":50,"column":19},"end":{"line":52,"column":13}},"19":{"start":{"line":51,"column":16},"end":{"line":51,"column":58}},"20":{"start":{"line":57,"column":8},"end":{"line":68,"column":11}},"21":{"start":{"line":64,"column":12},"end":{"line":67,"column":13}},"22":{"start":{"line":65,"column":16},"end":{"line":65,"column":45}},"23":{"start":{"line":66,"column":16},"end":{"line":66,"column":37}}},"fnMap":{"0":{"name":"(anonymous_0)","decl":{"start":{"line":6,"column":4},"end":{"line":6,"column":5}},"loc":{"start":{"line":6,"column":23},"end":{"line":14,"column":5}},"line":6},"1":{"name":"(anonymous_1)","decl":{"start":{"line":17,"column":4},"end":{"line":17,"column":5}},"loc":{"start":{"line":17,"column":20},"end":{"line":54,"column":5}},"line":17},"2":{"name":"(anonymous_2)","decl":{"start":{"line":29,"column":16},"end":{"line":29,"column":17}},"loc":{"start":{"line":29,"column":30},"end":{"line":34,"column":9}},"line":29},"3":{"name":"(anonymous_3)","decl":{"start":{"line":34,"column":17},"end":{"line":34,"column":18}},"loc":{"start":{"line":34,"column":34},"end":{"line":53,"column":9}},"line":34},"4":{"name":"(anonymous_4)","decl":{"start":{"line":56,"column":4},"end":{"line":56,"column":5}},"loc":{"start":{"line":56,"column":13},"end":{"line":69,"column":5}},"line":56},"5":{"name":"(anonymous_5)","decl":{"start":{"line":63,"column":17},"end":{"line":63,"column":18}},"loc":{"start":{"line":63,"column":36},"end":{"line":68,"column":9}},"line":63}},"branchMap":{"0":{"loc":{"start":{"line":35,"column":12},"end":{"line":52,"column":13}},"type":"if","locations":[{"start":{"line":35,"column":12},"end":{"line":52,"column":13}},{"start":{"line":35,"column":12},"end":{"line":52,"column":13}}],"line":35},"1":{"loc":{"start":{"line":42,"column":19},"end":{"line":52,"column":13}},"type":"if","locations":[{"start":{"line":42,"column":19},"end":{"line":52,"column":13}},{"start":{"line":42,"column":19},"end":{"line":52,"column":13}}],"line":42},"2":{"loc":{"start":{"line":47,"column":19},"end":{"line":52,"column":13}},"type":"if","locations":[{"start":{"line":47,"column":19},"end":{"line":52,"column":13}},{"start":{"line":47,"column":19},"end":{"line":52,"column":13}}],"line":47},"3":{"loc":{"start":{"line":50,"column":19},"end":{"line":52,"column":13}},"type":"if","locations":[{"start":{"line":50,"column":19},"end":{"line":52,"column":13}},{"start":{"line":50,"column":19},"end":{"line":52,"column":13}}],"line":50},"4":{"loc":{"start":{"line":64,"column":12},"end":{"line":67,"column":13}},"type":"if","locations":[{"start":{"line":64,"column":12},"end":{"line":67,"column":13}},{"start":{"line":64,"column":12},"end":{"line":67,"column":13}}],"line":64}},"s":{"0":0,"1":0,"2":0,"3":0,"4":0,"5":0,"6":0,"7":0,"8":0,"9":0,"10":0,"11":0,"12":0,"13":0,"14":0,"15":0,"16":0,"17":0,"18":0,"19":0,"20":0,"21":0,"22":0,"23":0},"f":{"0":0,"1":0,"2":0,"3":0,"4":0,"5":0},"b":{"0":[0,0],"1":[0,0],"2":[0,0],"3":[0,0],"4":[0,0]},"_coverageSchema":"332fd63041d2c1bcb487cc26dd0d5f7d97098a6c","hash":"0cc4e7558033b5fa9f319d4eca80de20e1ef7565"}
,"/Users/kibe/Andela/CP/react-bucketlist-api/client/components/items/GetAllItems.jsx": {"path":"/Users/kibe/Andela/CP/react-bucketlist-api/client/components/items/GetAllItems.jsx","statementMap":{"0":{"start":{"line":12,"column":8},"end":{"line":12,"column":21}},"1":{"start":{"line":14,"column":8},"end":{"line":16,"column":10}},"2":{"start":{"line":21,"column":27},"end":{"line":21,"column":50}},"3":{"start":{"line":22,"column":8},"end":{"line":51,"column":11}},"4":{"start":{"line":26,"column":16},"end":{"line":28,"column":19}},"5":{"start":{"line":29,"column":16},"end":{"line":29,"column":68}},"6":{"start":{"line":33,"column":12},"end":{"line":50,"column":13}},"7":{"start":{"line":36,"column":16},"end":{"line":36,"column":69}},"8":{"start":{"line":37,"column":16},"end":{"line":37,"column":66}},"9":{"start":{"line":38,"column":16},"end":{"line":38,"column":70}},"10":{"start":{"line":39,"column":16},"end":{"line":39,"column":72}},"11":{"start":{"line":40,"column":19},"end":{"line":50,"column":13}},"12":{"start":{"line":44,"column":16},"end":{"line":44,"column":60}},"13":{"start":{"line":45,"column":19},"end":{"line":50,"column":13}},"14":{"start":{"line":47,"column":16},"end":{"line":47,"column":56}},"15":{"start":{"line":48,"column":19},"end":{"line":50,"column":13}},"16":{"start":{"line":49,"column":16},"end":{"line":49,"column":58}},"17":{"start":{"line":56,"column":20},"end":{"line":56,"column":36}},"18":{"start":{"line":57,"column":8},"end":{"line":57,"column":76}},"19":{"start":{"line":59,"column":8},"end":{"line":67,"column":10}}},"fnMap":{"0":{"name":"(anonymous_0)","decl":{"start":{"line":11,"column":4},"end":{"line":11,"column":5}},"loc":{"start":{"line":11,"column":23},"end":{"line":17,"column":5}},"line":11},"1":{"name":"(anonymous_1)","decl":{"start":{"line":20,"column":4},"end":{"line":20,"column":5}},"loc":{"start":{"line":20,"column":24},"end":{"line":52,"column":5}},"line":20},"2":{"name":"(anonymous_2)","decl":{"start":{"line":25,"column":99},"end":{"line":25,"column":100}},"loc":{"start":{"line":25,"column":113},"end":{"line":30,"column":9}},"line":25},"3":{"name":"(anonymous_3)","decl":{"start":{"line":32,"column":15},"end":{"line":32,"column":16}},"loc":{"start":{"line":32,"column":32},"end":{"line":51,"column":9}},"line":32},"4":{"name":"(anonymous_4)","decl":{"start":{"line":55,"column":4},"end":{"line":55,"column":5}},"loc":{"start":{"line":55,"column":13},"end":{"line":68,"column":5}},"line":55}},"branchMap":{"0":{"loc":{"start":{"line":33,"column":12},"end":{"line":50,"column":13}},"type":"if","locations":[{"start":{"line":33,"column":12},"end":{"line":50,"column":13}},{"start":{"line":33,"column":12},"end":{"line":50,"column":13}}],"line":33},"1":{"loc":{"start":{"line":40,"column":19},"end":{"line":50,"column":13}},"type":"if","locations":[{"start":{"line":40,"column":19},"end":{"line":50,"column":13}},{"start":{"line":40,"column":19},"end":{"line":50,"column":13}}],"line":40},"2":{"loc":{"start":{"line":45,"column":19},"end":{"line":50,"column":13}},"type":"if","locations":[{"start":{"line":45,"column":19},"end":{"line":50,"column":13}},{"start":{"line":45,"column":19},"end":{"line":50,"column":13}}],"line":45},"3":{"loc":{"start":{"line":48,"column":19},"end":{"line":50,"column":13}},"type":"if","locations":[{"start":{"line":48,"column":19},"end":{"line":50,"column":13}},{"start":{"line":48,"column":19},"end":{"line":50,"column":13}}],"line":48}},"s":{"0":0,"1":0,"2":0,"3":0,"4":0,"5":0,"6":0,"7":0,"8":0,"9":0,"10":0,"11":0,"12":0,"13":0,"14":0,"15":0,"16":0,"17":0,"18":0,"19":0},"f":{"0":0,"1":0,"2":0,"3":0,"4":0},"b":{"0":[0,0],"1":[0,0],"2":[0,0],"3":[0,0]},"_coverageSchema":"332fd63041d2c1bcb487cc26dd0d5f7d97098a6c","hash":"70ca69dc1c04ab8f25e4d666b98bb440377ec617"}
,"/Users/kibe/Andela/CP/react-bucketlist-api/client/components/items/GetOneItem.jsx": {"path":"/Users/kibe/Andela/CP/react-bucketlist-api/client/components/items/GetOneItem.jsx","statementMap":{"0":{"start":{"line":10,"column":8},"end":{"line":10,"column":21}},"1":{"start":{"line":12,"column":8},"end":{"line":15,"column":10}},"2":{"start":{"line":20,"column":27},"end":{"line":20,"column":50}},"3":{"start":{"line":21,"column":21},"end":{"line":21,"column":38}},"4":{"start":{"line":23,"column":8},"end":{"line":51,"column":11}},"5":{"start":{"line":27,"column":16},"end":{"line":30,"column":15}},"6":{"start":{"line":33,"column":12},"end":{"line":48,"column":13}},"7":{"start":{"line":36,"column":16},"end":{"line":36,"column":69}},"8":{"start":{"line":37,"column":16},"end":{"line":37,"column":66}},"9":{"start":{"line":38,"column":16},"end":{"line":38,"column":70}},"10":{"start":{"line":39,"column":16},"end":{"line":39,"column":72}},"11":{"start":{"line":40,"column":19},"end":{"line":48,"column":13}},"12":{"start":{"line":44,"column":16},"end":{"line":44,"column":60}},"13":{"start":{"line":47,"column":16},"end":{"line":47,"column":56}},"14":{"start":{"line":50,"column":12},"end":{"line":50,"column":54}},"15":{"start":{"line":56,"column":8},"end":{"line":84,"column":10}},"16":{"start":{"line":61,"column":45},"end":{"line":61,"column":82}}},"fnMap":{"0":{"name":"(anonymous_0)","decl":{"start":{"line":9,"column":4},"end":{"line":9,"column":5}},"loc":{"start":{"line":9,"column":23},"end":{"line":16,"column":5}},"line":9},"1":{"name":"(anonymous_1)","decl":{"start":{"line":19,"column":4},"end":{"line":19,"column":5}},"loc":{"start":{"line":19,"column":24},"end":{"line":52,"column":5}},"line":19},"2":{"name":"(anonymous_2)","decl":{"start":{"line":26,"column":99},"end":{"line":26,"column":100}},"loc":{"start":{"line":26,"column":113},"end":{"line":32,"column":9}},"line":26},"3":{"name":"(anonymous_3)","decl":{"start":{"line":32,"column":17},"end":{"line":32,"column":18}},"loc":{"start":{"line":32,"column":34},"end":{"line":51,"column":9}},"line":32},"4":{"name":"(anonymous_4)","decl":{"start":{"line":54,"column":4},"end":{"line":54,"column":5}},"loc":{"start":{"line":54,"column":13},"end":{"line":85,"column":5}},"line":54},"5":{"name":"(anonymous_5)","decl":{"start":{"line":61,"column":39},"end":{"line":61,"column":40}},"loc":{"start":{"line":61,"column":45},"end":{"line":61,"column":82}},"line":61}},"branchMap":{"0":{"loc":{"start":{"line":33,"column":12},"end":{"line":48,"column":13}},"type":"if","locations":[{"start":{"line":33,"column":12},"end":{"line":48,"column":13}},{"start":{"line":33,"column":12},"end":{"line":48,"column":13}}],"line":33},"1":{"loc":{"start":{"line":40,"column":19},"end":{"line":48,"column":13}},"type":"if","locations":[{"start":{"line":40,"column":19},"end":{"line":48,"column":13}},{"start":{"line":40,"column":19},"end":{"line":48,"column":13}}],"line":40}},"s":{"0":0,"1":0,"2":0,"3":0,"4":0,"5":0,"6":0,"7":0,"8":0,"9":0,"10":0,"11":0,"12":0,"13":0,"14":0,"15":0,"16":0},"f":{"0":0,"1":0,"2":0,"3":0,"4":0,"5":0},"b":{"0":[0,0],"1":[0,0]},"_coverageSchema":"332fd63041d2c1bcb487cc26dd0d5f7d97098a6c","hash":"ac80b5b6f0b4641d58381466a9ef139062d2d331"}
,"/Users/kibe/Andela/CP/react-bucketlist-api/client/components/items/ItemRow.jsx": {"path":"/Users/kibe/Andela/CP/react-bucketlist-api/client/components/items/ItemRow.jsx","statementMap":{"0":{"start":{"line":9,"column":8},"end":{"line":9,"column":50}},"1":{"start":{"line":10,"column":8},"end":{"line":32,"column":10}},"2":{"start":{"line":16,"column":41},"end":{"line":16,"column":98}},"3":{"start":{"line":21,"column":39},"end":{"line":21,"column":95}},"4":{"start":{"line":26,"column":39},"end":{"line":26,"column":95}}},"fnMap":{"0":{"name":"(anonymous_0)","decl":{"start":{"line":8,"column":4},"end":{"line":8,"column":5}},"loc":{"start":{"line":8,"column":14},"end":{"line":33,"column":5}},"line":8},"1":{"name":"(anonymous_1)","decl":{"start":{"line":16,"column":35},"end":{"line":16,"column":36}},"loc":{"start":{"line":16,"column":41},"end":{"line":16,"column":98}},"line":16},"2":{"name":"(anonymous_2)","decl":{"start":{"line":21,"column":33},"end":{"line":21,"column":34}},"loc":{"start":{"line":21,"column":39},"end":{"line":21,"column":95}},"line":21},"3":{"name":"(anonymous_3)","decl":{"start":{"line":26,"column":33},"end":{"line":26,"column":34}},"loc":{"start":{"line":26,"column":39},"end":{"line":26,"column":95}},"line":26}},"branchMap":{},"s":{"0":0,"1":0,"2":0,"3":0,"4":0},"f":{"0":0,"1":0,"2":0,"3":0},"b":{},"_coverageSchema":"332fd63041d2c1bcb487cc26dd0d5f7d97098a6c","hash":"291c3c9a6e028c986c0ca2a1f3b42f26e57f6037"}
,"/Users/kibe/Andela/CP/react-bucketlist-api/client/components/items/TableItems.jsx": {"path":"/Users/kibe/Andela/CP/react-bucketlist-api/client/components/items/TableItems.jsx","statementMap":{"0":{"start":{"line":8,"column":8},"end":{"line":8,"column":21}},"1":{"start":{"line":9,"column":8},"end":{"line":13,"column":10}},"2":{"start":{"line":17,"column":19},"end":{"line":21,"column":21}},"3":{"start":{"line":18,"column":12},"end":{"line":20,"column":14}},"4":{"start":{"line":23,"column":8},"end":{"line":38,"column":10}}},"fnMap":{"0":{"name":"(anonymous_0)","decl":{"start":{"line":7,"column":4},"end":{"line":7,"column":5}},"loc":{"start":{"line":7,"column":23},"end":{"line":14,"column":5}},"line":7},"1":{"name":"(anonymous_1)","decl":{"start":{"line":16,"column":4},"end":{"line":16,"column":5}},"loc":{"start":{"line":16,"column":13},"end":{"line":39,"column":5}},"line":16},"2":{"name":"(anonymous_2)","decl":{"start":{"line":17,"column":40},"end":{"line":17,"column":41}},"loc":{"start":{"line":17,"column":58},"end":{"line":21,"column":9}},"line":17}},"branchMap":{"0":{"loc":{"start":{"line":24,"column":12},"end":{"line":37,"column":36}},"type":"cond-expr","locations":[{"start":{"line":24,"column":27},"end":{"line":24,"column":59}},{"start":{"line":25,"column":26},"end":{"line":37,"column":36}}],"line":24}},"s":{"0":0,"1":0,"2":0,"3":0,"4":0},"f":{"0":0,"1":0,"2":0},"b":{"0":[0,0]},"_coverageSchema":"332fd63041d2c1bcb487cc26dd0d5f7d97098a6c","hash":"dfeee2da747c64b71ba35480f963c4e0b8f7cb2c"}
,"/Users/kibe/Andela/CP/react-bucketlist-api/client/components/items/UpdateItem.jsx": {"path":"/Users/kibe/Andela/CP/react-bucketlist-api/client/components/items/UpdateItem.jsx","statementMap":{"0":{"start":{"line":11,"column":8},"end":{"line":11,"column":21}},"1":{"start":{"line":13,"column":8},"end":{"line":18,"column":10}},"2":{"start":{"line":20,"column":12},"end":{"line":20,"column":53}},"3":{"start":{"line":21,"column":12},"end":{"line":21,"column":49}},"4":{"start":{"line":27,"column":27},"end":{"line":27,"column":50}},"5":{"start":{"line":28,"column":21},"end":{"line":28,"column":38}},"6":{"start":{"line":30,"column":8},"end":{"line":60,"column":11}},"7":{"start":{"line":36,"column":16},"end":{"line":39,"column":15}},"8":{"start":{"line":42,"column":12},"end":{"line":57,"column":13}},"9":{"start":{"line":45,"column":16},"end":{"line":45,"column":69}},"10":{"start":{"line":46,"column":16},"end":{"line":46,"column":66}},"11":{"start":{"line":47,"column":16},"end":{"line":47,"column":70}},"12":{"start":{"line":48,"column":16},"end":{"line":48,"column":72}},"13":{"start":{"line":49,"column":19},"end":{"line":57,"column":13}},"14":{"start":{"line":53,"column":16},"end":{"line":53,"column":60}},"15":{"start":{"line":56,"column":16},"end":{"line":56,"column":56}},"16":{"start":{"line":58,"column":12},"end":{"line":58,"column":54}},"17":{"start":{"line":65,"column":8},"end":{"line":67,"column":11}},"18":{"start":{"line":72,"column":8},"end":{"line":72,"column":31}},"19":{"start":{"line":75,"column":21},"end":{"line":77,"column":9}},"20":{"start":{"line":79,"column":8},"end":{"line":79,"column":43}},"21":{"start":{"line":80,"column":29},"end":{"line":80,"column":52}},"22":{"start":{"line":81,"column":23},"end":{"line":81,"column":40}},"23":{"start":{"line":83,"column":8},"end":{"line":111,"column":11}},"24":{"start":{"line":90,"column":16},"end":{"line":90,"column":67}},"25":{"start":{"line":91,"column":16},"end":{"line":91,"column":54}},"26":{"start":{"line":94,"column":12},"end":{"line":109,"column":13}},"27":{"start":{"line":97,"column":14},"end":{"line":97,"column":67}},"28":{"start":{"line":98,"column":14},"end":{"line":98,"column":64}},"29":{"start":{"line":99,"column":14},"end":{"line":99,"column":68}},"30":{"start":{"line":100,"column":14},"end":{"line":100,"column":70}},"31":{"start":{"line":101,"column":19},"end":{"line":109,"column":13}},"32":{"start":{"line":105,"column":14},"end":{"line":105,"column":58}},"33":{"start":{"line":108,"column":14},"end":{"line":108,"column":54}},"34":{"start":{"line":110,"column":12},"end":{"line":110,"column":54}},"35":{"start":{"line":115,"column":8},"end":{"line":142,"column":10}},"36":{"start":{"line":119,"column":37},"end":{"line":119,"column":74}}},"fnMap":{"0":{"name":"(anonymous_0)","decl":{"start":{"line":10,"column":4},"end":{"line":10,"column":5}},"loc":{"start":{"line":10,"column":23},"end":{"line":22,"column":5}},"line":10},"1":{"name":"(anonymous_1)","decl":{"start":{"line":26,"column":4},"end":{"line":26,"column":5}},"loc":{"start":{"line":26,"column":24},"end":{"line":61,"column":5}},"line":26},"2":{"name":"(anonymous_2)","decl":{"start":{"line":35,"column":16},"end":{"line":35,"column":17}},"loc":{"start":{"line":35,"column":30},"end":{"line":41,"column":9}},"line":35},"3":{"name":"(anonymous_3)","decl":{"start":{"line":41,"column":17},"end":{"line":41,"column":18}},"loc":{"start":{"line":41,"column":34},"end":{"line":60,"column":9}},"line":41},"4":{"name":"(anonymous_4)","decl":{"start":{"line":64,"column":4},"end":{"line":64,"column":5}},"loc":{"start":{"line":64,"column":20},"end":{"line":68,"column":5}},"line":64},"5":{"name":"(anonymous_5)","decl":{"start":{"line":71,"column":4},"end":{"line":71,"column":5}},"loc":{"start":{"line":71,"column":18},"end":{"line":112,"column":5}},"line":71},"6":{"name":"(anonymous_6)","decl":{"start":{"line":89,"column":16},"end":{"line":89,"column":17}},"loc":{"start":{"line":89,"column":30},"end":{"line":93,"column":9}},"line":89},"7":{"name":"(anonymous_7)","decl":{"start":{"line":93,"column":17},"end":{"line":93,"column":18}},"loc":{"start":{"line":93,"column":34},"end":{"line":111,"column":9}},"line":93},"8":{"name":"(anonymous_8)","decl":{"start":{"line":114,"column":4},"end":{"line":114,"column":5}},"loc":{"start":{"line":114,"column":13},"end":{"line":143,"column":5}},"line":114},"9":{"name":"(anonymous_9)","decl":{"start":{"line":119,"column":31},"end":{"line":119,"column":32}},"loc":{"start":{"line":119,"column":37},"end":{"line":119,"column":74}},"line":119}},"branchMap":{"0":{"loc":{"start":{"line":42,"column":12},"end":{"line":57,"column":13}},"type":"if","locations":[{"start":{"line":42,"column":12},"end":{"line":57,"column":13}},{"start":{"line":42,"column":12},"end":{"line":57,"column":13}}],"line":42},"1":{"loc":{"start":{"line":49,"column":19},"end":{"line":57,"column":13}},"type":"if","locations":[{"start":{"line":49,"column":19},"end":{"line":57,"column":13}},{"start":{"line":49,"column":19},"end":{"line":57,"column":13}}],"line":49},"2":{"loc":{"start":{"line":94,"column":12},"end":{"line":109,"column":13}},"type":"if","locations":[{"start":{"line":94,"column":12},"end":{"line":109,"column":13}},{"start":{"line":94,"column":12},"end":{"line":109,"column":13}}],"line":94},"3":{"loc":{"start":{"line":101,"column":19},"end":{"line":109,"column":13}},"type":"if","locations":[{"start":{"line":101,"column":19},"end":{"line":109,"column":13}},{"start":{"line":101,"column":19},"end":{"line":109,"column":13}}],"line":101}},"s":{"0":0,"1":0,"2":0,"3":0,"4":0,"5":0,"6":0,"7":0,"8":0,"9":0,"10":0,"11":0,"12":0,"13":0,"14":0,"15":0,"16":0,"17":0,"18":0,"19":0,"20":0,"21":0,"22":0,"23":0,"24":0,"25":0,"26":0,"27":0,"28":0,"29":0,"30":0,"31":0,"32":0,"33":0,"34":0,"35":0,"36":0},"f":{"0":0,"1":0,"2":0,"3":0,"4":0,"5":0,"6":0,"7":0,"8":0,"9":0},"b":{"0":[0,0],"1":[0,0],"2":[0,0],"3":[0,0]},"_coverageSchema":"332fd63041d2c1bcb487cc26dd0d5f7d97098a6c","hash":"49a909f79f970c38b8aa695131fbeedc8f12207f"}
,"/Users/kibe/Andela/CP/react-bucketlist-api/client/containers/Dashboard.jsx": {"path":"/Users/kibe/Andela/CP/react-bucketlist-api/client/containers/Dashboard.jsx","statementMap":{"0":{"start":{"line":23,"column":8},"end":{"line":23,"column":21}},"1":{"start":{"line":26,"column":8},"end":{"line":29,"column":10}},"2":{"start":{"line":31,"column":8},"end":{"line":31,"column":59}},"3":{"start":{"line":32,"column":8},"end":{"line":32,"column":45}},"4":{"start":{"line":37,"column":8},"end":{"line":39,"column":11}},"5":{"start":{"line":41,"column":8},"end":{"line":45,"column":9}},"6":{"start":{"line":42,"column":12},"end":{"line":44,"column":15}},"7":{"start":{"line":49,"column":8},"end":{"line":49,"column":31}},"8":{"start":{"line":51,"column":8},"end":{"line":83,"column":11}},"9":{"start":{"line":56,"column":16},"end":{"line":56,"column":57}},"10":{"start":{"line":57,"column":16},"end":{"line":59,"column":19}},"11":{"start":{"line":60,"column":16},"end":{"line":60,"column":67}},"12":{"start":{"line":65,"column":12},"end":{"line":80,"column":13}},"13":{"start":{"line":68,"column":16},"end":{"line":68,"column":69}},"14":{"start":{"line":69,"column":16},"end":{"line":69,"column":66}},"15":{"start":{"line":70,"column":16},"end":{"line":70,"column":70}},"16":{"start":{"line":71,"column":16},"end":{"line":71,"column":72}},"17":{"start":{"line":72,"column":19},"end":{"line":80,"column":13}},"18":{"start":{"line":76,"column":16},"end":{"line":76,"column":60}},"19":{"start":{"line":79,"column":16},"end":{"line":79,"column":56}},"20":{"start":{"line":81,"column":12},"end":{"line":81,"column":54}},"21":{"start":{"line":88,"column":8},"end":{"line":90,"column":9}},"22":{"start":{"line":89,"column":12},"end":{"line":89,"column":42}},"23":{"start":{"line":92,"column":8},"end":{"line":95,"column":9}},"24":{"start":{"line":93,"column":12},"end":{"line":93,"column":94}},"25":{"start":{"line":94,"column":12},"end":{"line":94,"column":42}},"26":{"start":{"line":99,"column":8},"end":{"line":118,"column":9}},"27":{"start":{"line":101,"column":16},"end":{"line":101,"column":91}},"28":{"start":{"line":102,"column":16},"end":{"line":102,"column":22}},"29":{"start":{"line":104,"column":16},"end":{"line":104,"column":126}},"30":{"start":{"line":105,"column":16},"end":{"line":105,"column":22}},"31":{"start":{"line":107,"column":16},"end":{"line":107,"column":88}},"32":{"start":{"line":108,"column":16},"end":{"line":108,"column":22}},"33":{"start":{"line":110,"column":16},"end":{"line":110,"column":125}},"34":{"start":{"line":111,"column":16},"end":{"line":111,"column":22}},"35":{"start":{"line":113,"column":16},"end":{"line":113,"column":127}},"36":{"start":{"line":114,"column":16},"end":{"line":114,"column":22}},"37":{"start":{"line":116,"column":16},"end":{"line":116,"column":91}},"38":{"start":{"line":117,"column":16},"end":{"line":117,"column":22}},"39":{"start":{"line":120,"column":8},"end":{"line":134,"column":10}}},"fnMap":{"0":{"name":"(anonymous_0)","decl":{"start":{"line":22,"column":4},"end":{"line":22,"column":5}},"loc":{"start":{"line":22,"column":23},"end":{"line":33,"column":5}},"line":22},"1":{"name":"(anonymous_1)","decl":{"start":{"line":36,"column":4},"end":{"line":36,"column":5}},"loc":{"start":{"line":36,"column":41},"end":{"line":46,"column":5}},"line":36},"2":{"name":"(anonymous_2)","decl":{"start":{"line":48,"column":4},"end":{"line":48,"column":5}},"loc":{"start":{"line":48,"column":18},"end":{"line":84,"column":5}},"line":48},"3":{"name":"(anonymous_3)","decl":{"start":{"line":54,"column":99},"end":{"line":54,"column":100}},"loc":{"start":{"line":54,"column":113},"end":{"line":62,"column":9}},"line":54},"4":{"name":"(anonymous_4)","decl":{"start":{"line":64,"column":15},"end":{"line":64,"column":16}},"loc":{"start":{"line":64,"column":32},"end":{"line":83,"column":9}},"line":64},"5":{"name":"(anonymous_5)","decl":{"start":{"line":87,"column":4},"end":{"line":87,"column":5}},"loc":{"start":{"line":87,"column":13},"end":{"line":135,"column":5}},"line":87}},"branchMap":{"0":{"loc":{"start":{"line":41,"column":8},"end":{"line":45,"column":9}},"type":"if","locations":[{"start":{"line":41,"column":8},"end":{"line":45,"column":9}},{"start":{"line":41,"column":8},"end":{"line":45,"column":9}}],"line":41},"1":{"loc":{"start":{"line":65,"column":12},"end":{"line":80,"column":13}},"type":"if","locations":[{"start":{"line":65,"column":12},"end":{"line":80,"column":13}},{"start":{"line":65,"column":12},"end":{"line":80,"column":13}}],"line":65},"2":{"loc":{"start":{"line":72,"column":19},"end":{"line":80,"column":13}},"type":"if","locations":[{"start":{"line":72,"column":19},"end":{"line":80,"column":13}},{"start":{"line":72,"column":19},"end":{"line":80,"column":13}}],"line":72},"3":{"loc":{"start":{"line":88,"column":8},"end":{"line":90,"column":9}},"type":"if","locations":[{"start":{"line":88,"column":8},"end":{"line":90,"column":9}},{"start":{"line":88,"column":8},"end":{"line":90,"column":9}}],"line":88},"4":{"loc":{"start":{"line":92,"column":8},"end":{"line":95,"column":9}},"type":"if","locations":[{"start":{"line":92,"column":8},"end":{"line":95,"column":9}},{"start":{"line":92,"column":8},"end":{"line":95,"column":9}}],"line":92},"5":{"loc":{"start":{"line":99,"column":8},"end":{"line":118,"column":9}},"type":"switch","locations":[{"start":{"line":100,"column":12},"end":{"line":102,"column":22}},{"start":{"line":103,"column":12},"end":{"line":105,"column":22}},{"start":{"line":106,"column":12},"end":{"line":108,"column":22}},{"start":{"line":109,"column":12},"end":{"line":111,"column":22}},{"start":{"line":112,"column":12},"end":{"line":114,"column":22}},{"start":{"line":115,"column":12},"end":{"line":117,"column":22}}],"line":99}},"s":{"0":1,"1":1,"2":1,"3":1,"4":0,"5":0,"6":0,"7":0,"8":0,"9":0,"10":0,"11":0,"12":0,"13":0,"14":0,"15":0,"16":0,"17":0,"18":0,"19":0,"20":0,"21":1,"22":0,"23":1,"24":1,"25":1,"26":0,"27":0,"28":0,"29":0,"30":0,"31":0,"32":0,"33":0,"34":0,"35":0,"36":0,"37":0,"38":0,"39":0},"f":{"0":1,"1":0,"2":0,"3":0,"4":0,"5":1},"b":{"0":[0,0],"1":[0,0],"2":[0,0],"3":[0,1],"4":[1,0],"5":[0,0,0,0,0,0]},"_coverageSchema":"332fd63041d2c1bcb487cc26dd0d5f7d97098a6c","hash":"63a49311f3d391bca6e1b6519691d02a83de6852"}
,"/Users/kibe/Andela/CP/react-bucketlist-api/client/containers/LoginPage.jsx": {"path":"/Users/kibe/Andela/CP/react-bucketlist-api/client/containers/LoginPage.jsx","statementMap":{"0":{"start":{"line":12,"column":8},"end":{"line":12,"column":21}},"1":{"start":{"line":15,"column":8},"end":{"line":21,"column":10}},"2":{"start":{"line":23,"column":8},"end":{"line":23,"column":55}},"3":{"start":{"line":24,"column":8},"end":{"line":24,"column":53}},"4":{"start":{"line":29,"column":22},"end":{"line":29,"column":39}},"5":{"start":{"line":30,"column":21},"end":{"line":30,"column":36}},"6":{"start":{"line":31,"column":8},"end":{"line":31,"column":41}},"7":{"start":{"line":33,"column":8},"end":{"line":35,"column":11}},"8":{"start":{"line":41,"column":8},"end":{"line":41,"column":31}},"9":{"start":{"line":43,"column":23},"end":{"line":43,"column":47}},"10":{"start":{"line":44,"column":21},"end":{"line":44,"column":36}},"11":{"start":{"line":46,"column":8},"end":{"line":72,"column":11}},"12":{"start":{"line":47,"column":12},"end":{"line":47,"column":63}},"13":{"start":{"line":49,"column":12},"end":{"line":49,"column":78}},"14":{"start":{"line":50,"column":12},"end":{"line":52,"column":15}},"15":{"start":{"line":55,"column":12},"end":{"line":70,"column":13}},"16":{"start":{"line":58,"column":14},"end":{"line":58,"column":67}},"17":{"start":{"line":59,"column":14},"end":{"line":59,"column":64}},"18":{"start":{"line":60,"column":14},"end":{"line":60,"column":68}},"19":{"start":{"line":61,"column":14},"end":{"line":61,"column":70}},"20":{"start":{"line":62,"column":19},"end":{"line":70,"column":13}},"21":{"start":{"line":66,"column":14},"end":{"line":66,"column":58}},"22":{"start":{"line":69,"column":14},"end":{"line":69,"column":54}},"23":{"start":{"line":71,"column":12},"end":{"line":71,"column":54}},"24":{"start":{"line":77,"column":8},"end":{"line":79,"column":9}},"25":{"start":{"line":78,"column":12},"end":{"line":78,"column":46}},"26":{"start":{"line":81,"column":8},"end":{"line":103,"column":10}}},"fnMap":{"0":{"name":"(anonymous_0)","decl":{"start":{"line":11,"column":4},"end":{"line":11,"column":5}},"loc":{"start":{"line":11,"column":23},"end":{"line":25,"column":5}},"line":11},"1":{"name":"(anonymous_1)","decl":{"start":{"line":28,"column":4},"end":{"line":28,"column":5}},"loc":{"start":{"line":28,"column":22},"end":{"line":36,"column":5}},"line":28},"2":{"name":"(anonymous_2)","decl":{"start":{"line":39,"column":4},"end":{"line":39,"column":5}},"loc":{"start":{"line":39,"column":23},"end":{"line":73,"column":5}},"line":39},"3":{"name":"(anonymous_3)","decl":{"start":{"line":46,"column":53},"end":{"line":46,"column":54}},"loc":{"start":{"line":46,"column":67},"end":{"line":54,"column":9}},"line":46},"4":{"name":"(anonymous_4)","decl":{"start":{"line":54,"column":17},"end":{"line":54,"column":18}},"loc":{"start":{"line":54,"column":34},"end":{"line":72,"column":9}},"line":54},"5":{"name":"(anonymous_5)","decl":{"start":{"line":76,"column":4},"end":{"line":76,"column":5}},"loc":{"start":{"line":76,"column":13},"end":{"line":104,"column":5}},"line":76}},"branchMap":{"0":{"loc":{"start":{"line":55,"column":12},"end":{"line":70,"column":13}},"type":"if","locations":[{"start":{"line":55,"column":12},"end":{"line":70,"column":13}},{"start":{"line":55,"column":12},"end":{"line":70,"column":13}}],"line":55},"1":{"loc":{"start":{"line":62,"column":19},"end":{"line":70,"column":13}},"type":"if","locations":[{"start":{"line":62,"column":19},"end":{"line":70,"column":13}},{"start":{"line":62,"column":19},"end":{"line":70,"column":13}}],"line":62},"2":{"loc":{"start":{"line":77,"column":8},"end":{"line":79,"column":9}},"type":"if","locations":[{"start":{"line":77,"column":8},"end":{"line":79,"column":9}},{"start":{"line":77,"column":8},"end":{"line":79,"column":9}}],"line":77}},"s":{"0":1,"1":1,"2":1,"3":1,"4":0,"5":0,"6":0,"7":0,"8":0,"9":0,"10":0,"11":0,"12":0,"13":0,"14":0,"15":0,"16":0,"17":0,"18":0,"19":0,"20":0,"21":0,"22":0,"23":0,"24":1,"25":0,"26":1},"f":{"0":1,"1":0,"2":0,"3":0,"4":0,"5":1},"b":{"0":[0,0],"1":[0,0],"2":[0,1]},"_coverageSchema":"332fd63041d2c1bcb487cc26dd0d5f7d97098a6c","hash":"2635246c2d4d1ed8f2acbfbde0b06562a0f31470"}
,"/Users/kibe/Andela/CP/react-bucketlist-api/client/containers/SignUpPage.jsx": {"path":"/Users/kibe/Andela/CP/react-bucketlist-api/client/containers/SignUpPage.jsx","statementMap":{"0":{"start":{"line":12,"column":8},"end":{"line":12,"column":21}},"1":{"start":{"line":15,"column":8},"end":{"line":24,"column":10}},"2":{"start":{"line":26,"column":8},"end":{"line":26,"column":55}},"3":{"start":{"line":27,"column":8},"end":{"line":27,"column":53}},"4":{"start":{"line":32,"column":22},"end":{"line":32,"column":39}},"5":{"start":{"line":33,"column":21},"end":{"line":33,"column":36}},"6":{"start":{"line":34,"column":8},"end":{"line":34,"column":41}},"7":{"start":{"line":36,"column":8},"end":{"line":38,"column":11}},"8":{"start":{"line":44,"column":8},"end":{"line":44,"column":31}},"9":{"start":{"line":46,"column":23},"end":{"line":46,"column":47}},"10":{"start":{"line":47,"column":21},"end":{"line":47,"column":36}},"11":{"start":{"line":49,"column":8},"end":{"line":76,"column":11}},"12":{"start":{"line":50,"column":12},"end":{"line":50,"column":63}},"13":{"start":{"line":51,"column":12},"end":{"line":54,"column":15}},"14":{"start":{"line":56,"column":12},"end":{"line":56,"column":46}},"15":{"start":{"line":59,"column":12},"end":{"line":74,"column":13}},"16":{"start":{"line":62,"column":14},"end":{"line":62,"column":67}},"17":{"start":{"line":63,"column":14},"end":{"line":63,"column":64}},"18":{"start":{"line":64,"column":14},"end":{"line":64,"column":68}},"19":{"start":{"line":65,"column":14},"end":{"line":65,"column":70}},"20":{"start":{"line":66,"column":19},"end":{"line":74,"column":13}},"21":{"start":{"line":70,"column":14},"end":{"line":70,"column":58}},"22":{"start":{"line":73,"column":14},"end":{"line":73,"column":54}},"23":{"start":{"line":75,"column":12},"end":{"line":75,"column":54}},"24":{"start":{"line":81,"column":8},"end":{"line":103,"column":10}}},"fnMap":{"0":{"name":"(anonymous_0)","decl":{"start":{"line":11,"column":4},"end":{"line":11,"column":5}},"loc":{"start":{"line":11,"column":23},"end":{"line":28,"column":5}},"line":11},"1":{"name":"(anonymous_1)","decl":{"start":{"line":31,"column":4},"end":{"line":31,"column":5}},"loc":{"start":{"line":31,"column":22},"end":{"line":39,"column":5}},"line":31},"2":{"name":"(anonymous_2)","decl":{"start":{"line":42,"column":4},"end":{"line":42,"column":5}},"loc":{"start":{"line":42,"column":23},"end":{"line":77,"column":5}},"line":42},"3":{"name":"(anonymous_3)","decl":{"start":{"line":49,"column":56},"end":{"line":49,"column":57}},"loc":{"start":{"line":49,"column":70},"end":{"line":58,"column":9}},"line":49},"4":{"name":"(anonymous_4)","decl":{"start":{"line":58,"column":17},"end":{"line":58,"column":18}},"loc":{"start":{"line":58,"column":34},"end":{"line":76,"column":9}},"line":58},"5":{"name":"(anonymous_5)","decl":{"start":{"line":80,"column":4},"end":{"line":80,"column":5}},"loc":{"start":{"line":80,"column":13},"end":{"line":104,"column":5}},"line":80}},"branchMap":{"0":{"loc":{"start":{"line":59,"column":12},"end":{"line":74,"column":13}},"type":"if","locations":[{"start":{"line":59,"column":12},"end":{"line":74,"column":13}},{"start":{"line":59,"column":12},"end":{"line":74,"column":13}}],"line":59},"1":{"loc":{"start":{"line":66,"column":19},"end":{"line":74,"column":13}},"type":"if","locations":[{"start":{"line":66,"column":19},"end":{"line":74,"column":13}},{"start":{"line":66,"column":19},"end":{"line":74,"column":13}}],"line":66}},"s":{"0":1,"1":1,"2":1,"3":1,"4":0,"5":0,"6":0,"7":0,"8":0,"9":0,"10":0,"11":0,"12":0,"13":0,"14":0,"15":0,"16":0,"17":0,"18":0,"19":0,"20":0,"21":0,"22":0,"23":0,"24":1},"f":{"0":1,"1":0,"2":0,"3":0,"4":0,"5":1},"b":{"0":[0,0],"1":[0,0]},"_coverageSchema":"332fd63041d2c1bcb487cc26dd0d5f7d97098a6c","hash":"efd837037778f02ee46c79a8a0c3708ea1e312e8"}
}
