TN:
SF:/Users/kibe/Andela/CP/react-bucketlist-api/client/components/ActionsComponent.jsx
FN:6,(anonymous_0)
FN:10,(anonymous_1)
FNF:2
FNH:1
FNDA:1,(anonymous_0)
FNDA:0,(anonymous_1)
DA:7,1
DA:10,0
LF:2
LH:1
BRF:0
BRH:0
end_of_record
TN:
SF:/Users/kibe/Andela/CP/react-bucketlist-api/client/components/BucketlistRow.jsx
FN:9,(anonymous_0)
FN:14,(anonymous_1)
FN:21,(anonymous_2)
FN:26,(anonymous_3)
FN:31,(anonymous_4)
FNF:5
FNH:0
FNDA:0,(anonymous_0)
FNDA:0,(anonymous_1)
FNDA:0,(anonymous_2)
FNDA:0,(anonymous_3)
FNDA:0,(anonymous_4)
DA:10,0
DA:15,0
DA:21,0
DA:26,0
DA:31,0
LF:5
LH:0
BRF:0
BRH:0
end_of_record
TN:
SF:/Users/kibe/Andela/CP/react-bucketlist-api/client/components/CreateBucketlist.jsx
FN:10,(anonymous_0)
FN:24,(anonymous_1)
FN:35,(anonymous_2)
FN:44,(anonymous_3)
FN:49,(anonymous_4)
FN:72,(anonymous_5)
FN:76,(anonymous_6)
FNF:7
FNH:0
FNDA:0,(anonymous_0)
FNDA:0,(anonymous_1)
FNDA:0,(anonymous_2)
FNDA:0,(anonymous_3)
FNDA:0,(anonymous_4)
FNDA:0,(anonymous_5)
FNDA:0,(anonymous_6)
DA:11,0
DA:13,0
DA:19,0
DA:20,0
DA:25,0
DA:26,0
DA:27,0
DA:29,0
DA:36,0
DA:38,0
DA:40,0
DA:45,0
DA:46,0
DA:50,0
DA:53,0
DA:54,0
DA:55,0
DA:56,0
DA:57,0
DA:61,0
DA:62,0
DA:64,0
DA:65,0
DA:66,0
DA:68,0
DA:73,0
DA:76,0
LF:27
LH:0
BRDA:50,0,0,0
BRDA:50,0,1,0
BRDA:57,1,0,0
BRDA:57,1,1,0
BRDA:62,2,0,0
BRDA:62,2,1,0
BRDA:65,3,0,0
BRDA:65,3,1,0
BRF:8
BRH:0
end_of_record
TN:
SF:/Users/kibe/Andela/CP/react-bucketlist-api/client/components/DeleteBucketlist.jsx
FN:6,(anonymous_0)
FN:17,(anonymous_1)
FN:24,(anonymous_2)
FN:30,(anonymous_3)
FN:52,(anonymous_4)
FNF:5
FNH:0
FNDA:0,(anonymous_0)
FNDA:0,(anonymous_1)
FNDA:0,(anonymous_2)
FNDA:0,(anonymous_3)
FNDA:0,(anonymous_4)
DA:7,0
DA:9,0
DA:13,0
DA:18,0
DA:20,0
DA:25,0
DA:27,0
DA:31,0
DA:34,0
DA:35,0
DA:36,0
DA:37,0
DA:38,0
DA:42,0
DA:43,0
DA:45,0
DA:46,0
DA:47,0
DA:53,0
LF:19
LH:0
BRDA:31,0,0,0
BRDA:31,0,1,0
BRDA:38,1,0,0
BRDA:38,1,1,0
BRDA:43,2,0,0
BRDA:43,2,1,0
BRDA:46,3,0,0
BRDA:46,3,1,0
BRF:8
BRH:0
end_of_record
TN:
SF:/Users/kibe/Andela/CP/react-bucketlist-api/client/components/EditBucketlist.jsx
FN:10,(anonymous_0)
FN:26,(anonymous_1)
FN:32,(anonymous_2)
FN:39,(anonymous_3)
FN:62,(anonymous_4)
FN:69,(anonymous_5)
FN:84,(anonymous_6)
FN:88,(anonymous_7)
FN:109,(anonymous_8)
FN:114,(anonymous_9)
FNF:10
FNH:0
FNDA:0,(anonymous_0)
FNDA:0,(anonymous_1)
FNDA:0,(anonymous_2)
FNDA:0,(anonymous_3)
FNDA:0,(anonymous_4)
FNDA:0,(anonymous_5)
FNDA:0,(anonymous_6)
FNDA:0,(anonymous_7)
FNDA:0,(anonymous_8)
FNDA:0,(anonymous_9)
DA:11,0
DA:13,0
DA:20,0
DA:21,0
DA:27,0
DA:29,0
DA:33,0
DA:40,0
DA:43,0
DA:44,0
DA:45,0
DA:46,0
DA:47,0
DA:51,0
DA:54,0
DA:56,0
DA:63,0
DA:70,0
DA:73,0
DA:77,0
DA:78,0
DA:80,0
DA:85,0
DA:89,0
DA:92,0
DA:93,0
DA:94,0
DA:95,0
DA:96,0
DA:100,0
DA:103,0
DA:105,0
DA:110,0
DA:114,0
LF:34
LH:0
BRDA:40,0,0,0
BRDA:40,0,1,0
BRDA:47,1,0,0
BRDA:47,1,1,0
BRDA:89,2,0,0
BRDA:89,2,1,0
BRDA:96,3,0,0
BRDA:96,3,1,0
BRF:8
BRH:0
end_of_record
TN:
SF:/Users/kibe/Andela/CP/react-bucketlist-api/client/components/GetAllBucketlists.jsx
FN:11,(anonymous_0)
FN:20,(anonymous_1)
FN:24,(anonymous_2)
FN:30,(anonymous_3)
FN:54,(anonymous_4)
FNF:5
FNH:4
FNDA:1,(anonymous_0)
FNDA:1,(anonymous_1)
FNDA:0,(anonymous_2)
FNDA:1,(anonymous_3)
FNDA:1,(anonymous_4)
DA:12,1
DA:14,1
DA:21,1
DA:25,0
DA:31,1
DA:34,0
DA:35,0
DA:36,0
DA:37,0
DA:38,1
DA:42,1
DA:45,0
DA:48,1
DA:55,1
DA:57,1
LF:15
LH:9
BRDA:31,0,0,0
BRDA:31,0,1,1
BRDA:38,1,0,1
BRDA:38,1,1,0
BRF:4
BRH:2
end_of_record
TN:
SF:/Users/kibe/Andela/CP/react-bucketlist-api/client/components/GetOneBucketlist.jsx
FN:15,(anonymous_0)
FN:30,(anonymous_1)
FN:43,(anonymous_2)
FN:49,(anonymous_3)
FN:55,(anonymous_4)
FN:77,(anonymous_5)
FN:112,(anonymous_6)
FNF:7
FNH:0
FNDA:0,(anonymous_0)
FNDA:0,(anonymous_1)
FNDA:0,(anonymous_2)
FNDA:0,(anonymous_3)
FNDA:0,(anonymous_4)
FNDA:0,(anonymous_5)
FNDA:0,(anonymous_6)
DA:16,0
DA:18,0
DA:26,0
DA:31,0
DA:35,0
DA:36,0
DA:44,0
DA:46,0
DA:50,0
DA:56,0
DA:59,0
DA:60,0
DA:61,0
DA:62,0
DA:63,0
DA:67,0
DA:70,0
DA:73,0
DA:80,0
DA:82,0
DA:84,0
DA:86,0
DA:88,0
DA:90,0
DA:92,0
DA:94,0
DA:96,0
DA:98,0
DA:100,0
DA:102,0
DA:104,0
DA:107,0
DA:112,0
LF:33
LH:0
BRDA:35,0,0,0
BRDA:35,0,1,0
BRDA:56,1,0,0
BRDA:56,1,1,0
BRDA:63,2,0,0
BRDA:63,2,1,0
BRDA:80,3,0,0
BRDA:80,3,1,0
BRDA:80,3,2,0
BRDA:80,3,3,0
BRDA:80,3,4,0
BRDA:80,3,5,0
BRF:12
BRH:0
end_of_record
TN:
SF:/Users/kibe/Andela/CP/react-bucketlist-api/client/components/HomePage.jsx
FN:4,(anonymous_0)
FNF:1
FNH:1
FNDA:1,(anonymous_0)
DA:4,1
DA:5,1
LF:2
LH:2
BRF:0
BRH:0
end_of_record
TN:
SF:/Users/kibe/Andela/CP/react-bucketlist-api/client/components/LoginForm.jsx
FN:8,(anonymous_0)
FNF:1
FNH:1
FNDA:1,(anonymous_0)
DA:8,1
DA:9,1
DA:47,1
LF:3
LH:3
BRDA:13,0,0,1
BRDA:13,0,1,0
BRF:2
BRH:1
end_of_record
TN:
SF:/Users/kibe/Andela/CP/react-bucketlist-api/client/components/SignUpForm.jsx
FN:8,(anonymous_0)
FNF:1
FNH:1
FNDA:1,(anonymous_0)
DA:8,1
DA:9,1
DA:57,1
LF:3
LH:3
BRDA:13,0,0,1
BRDA:13,0,1,0
BRF:2
BRH:1
end_of_record
TN:
SF:/Users/kibe/Andela/CP/react-bucketlist-api/client/components/TableBucketlists.jsx
FN:7,(anonymous_0)
FN:16,(anonymous_1)
FN:17,(anonymous_2)
FNF:3
FNH:2
FNDA:1,(anonymous_0)
FNDA:1,(anonymous_1)
FNDA:0,(anonymous_2)
DA:8,1
DA:9,1
DA:17,1
DA:18,0
DA:23,1
LF:5
LH:4
BRDA:24,0,0,1
BRDA:24,0,1,0
BRF:2
BRH:1
end_of_record
TN:
SF:/Users/kibe/Andela/CP/react-bucketlist-api/client/components/items/ActionsComponent.jsx
FN:6,(anonymous_0)
FN:11,(anonymous_1)
FNF:2
FNH:0
FNDA:0,(anonymous_0)
FNDA:0,(anonymous_1)
DA:8,0
DA:11,0
LF:2
LH:0
BRF:0
BRH:0
end_of_record
TN:
SF:/Users/kibe/Andela/CP/react-bucketlist-api/client/components/items/CreateItem.jsx
FN:10,(anonymous_0)
FN:24,(anonymous_1)
FN:35,(anonymous_2)
FN:45,(anonymous_3)
FN:48,(anonymous_4)
FN:52,(anonymous_5)
FN:75,(anonymous_6)
FNF:7
FNH:0
FNDA:0,(anonymous_0)
FNDA:0,(anonymous_1)
FNDA:0,(anonymous_2)
FNDA:0,(anonymous_3)
FNDA:0,(anonymous_4)
FNDA:0,(anonymous_5)
FNDA:0,(anonymous_6)
DA:11,0
DA:13,0
DA:19,0
DA:20,0
DA:25,0
DA:26,0
DA:27,0
DA:29,0
DA:36,0
DA:37,0
DA:39,0
DA:41,0
DA:46,0
DA:49,0
DA:53,0
DA:56,0
DA:57,0
DA:58,0
DA:59,0
DA:60,0
DA:64,0
DA:65,0
DA:67,0
DA:68,0
DA:69,0
DA:71,0
DA:76,0
LF:27
LH:0
BRDA:53,0,0,0
BRDA:53,0,1,0
BRDA:60,1,0,0
BRDA:60,1,1,0
BRDA:65,2,0,0
BRDA:65,2,1,0
BRDA:68,3,0,0
BRDA:68,3,1,0
BRF:8
BRH:0
end_of_record
TN:
SF:/Users/kibe/Andela/CP/react-bucketlist-api/client/components/items/DeleteItem.jsx
FN:6,(anonymous_0)
FN:17,(anonymous_1)
FN:29,(anonymous_2)
FN:34,(anonymous_3)
FN:56,(anonymous_4)
FN:63,(anonymous_5)
FNF:6
FNH:0
FNDA:0,(anonymous_0)
FNDA:0,(anonymous_1)
FNDA:0,(anonymous_2)
FNDA:0,(anonymous_3)
FNDA:0,(anonymous_4)
FNDA:0,(anonymous_5)
DA:7,0
DA:9,0
DA:13,0
DA:18,0
DA:20,0
DA:21,0
DA:23,0
DA:30,0
DA:32,0
DA:35,0
DA:38,0
DA:39,0
DA:40,0
DA:41,0
DA:42,0
DA:46,0
DA:47,0
DA:49,0
DA:50,0
DA:51,0
DA:57,0
DA:64,0
DA:65,0
DA:66,0
LF:24
LH:0
BRDA:35,0,0,0
BRDA:35,0,1,0
BRDA:42,1,0,0
BRDA:42,1,1,0
BRDA:47,2,0,0
BRDA:47,2,1,0
BRDA:50,3,0,0
BRDA:50,3,1,0
BRDA:64,4,0,0
BRDA:64,4,1,0
BRF:10
BRH:0
end_of_record
TN:
SF:/Users/kibe/Andela/CP/react-bucketlist-api/client/components/items/GetAllItems.jsx
FN:11,(anonymous_0)
FN:20,(anonymous_1)
FN:25,(anonymous_2)
FN:32,(anonymous_3)
FN:55,(anonymous_4)
FNF:5
FNH:0
FNDA:0,(anonymous_0)
FNDA:0,(anonymous_1)
FNDA:0,(anonymous_2)
FNDA:0,(anonymous_3)
FNDA:0,(anonymous_4)
DA:12,0
DA:14,0
DA:21,0
DA:22,0
DA:26,0
DA:29,0
DA:33,0
DA:36,0
DA:37,0
DA:38,0
DA:39,0
DA:40,0
DA:44,0
DA:45,0
DA:47,0
DA:48,0
DA:49,0
DA:56,0
DA:57,0
DA:59,0
LF:20
LH:0
BRDA:33,0,0,0
BRDA:33,0,1,0
BRDA:40,1,0,0
BRDA:40,1,1,0
BRDA:45,2,0,0
BRDA:45,2,1,0
BRDA:48,3,0,0
BRDA:48,3,1,0
BRF:8
BRH:0
end_of_record
TN:
SF:/Users/kibe/Andela/CP/react-bucketlist-api/client/components/items/GetOneItem.jsx
FN:9,(anonymous_0)
FN:19,(anonymous_1)
FN:26,(anonymous_2)
FN:32,(anonymous_3)
FN:54,(anonymous_4)
FN:61,(anonymous_5)
FNF:6
FNH:0
FNDA:0,(anonymous_0)
FNDA:0,(anonymous_1)
FNDA:0,(anonymous_2)
FNDA:0,(anonymous_3)
FNDA:0,(anonymous_4)
FNDA:0,(anonymous_5)
DA:10,0
DA:12,0
DA:20,0
DA:21,0
DA:23,0
DA:27,0
DA:33,0
DA:36,0
DA:37,0
DA:38,0
DA:39,0
DA:40,0
DA:44,0
DA:47,0
DA:50,0
DA:56,0
DA:61,0
LF:17
LH:0
BRDA:33,0,0,0
BRDA:33,0,1,0
BRDA:40,1,0,0
BRDA:40,1,1,0
BRF:4
BRH:0
end_of_record
TN:
SF:/Users/kibe/Andela/CP/react-bucketlist-api/client/components/items/ItemRow.jsx
FN:8,(anonymous_0)
FN:16,(anonymous_1)
FN:21,(anonymous_2)
FN:26,(anonymous_3)
FNF:4
FNH:0
FNDA:0,(anonymous_0)
FNDA:0,(anonymous_1)
FNDA:0,(anonymous_2)
FNDA:0,(anonymous_3)
DA:9,0
DA:10,0
DA:16,0
DA:21,0
DA:26,0
LF:5
LH:0
BRF:0
BRH:0
end_of_record
TN:
SF:/Users/kibe/Andela/CP/react-bucketlist-api/client/components/items/TableItems.jsx
FN:7,(anonymous_0)
FN:16,(anonymous_1)
FN:17,(anonymous_2)
FNF:3
FNH:0
FNDA:0,(anonymous_0)
FNDA:0,(anonymous_1)
FNDA:0,(anonymous_2)
DA:8,0
DA:9,0
DA:17,0
DA:18,0
DA:23,0
LF:5
LH:0
BRDA:24,0,0,0
BRDA:24,0,1,0
BRF:2
BRH:0
end_of_record
TN:
SF:/Users/kibe/Andela/CP/react-bucketlist-api/client/components/items/UpdateItem.jsx
FN:10,(anonymous_0)
FN:26,(anonymous_1)
FN:35,(anonymous_2)
FN:41,(anonymous_3)
FN:64,(anonymous_4)
FN:71,(anonymous_5)
FN:89,(anonymous_6)
FN:93,(anonymous_7)
FN:114,(anonymous_8)
FN:119,(anonymous_9)
FNF:10
FNH:0
FNDA:0,(anonymous_0)
FNDA:0,(anonymous_1)
FNDA:0,(anonymous_2)
FNDA:0,(anonymous_3)
FNDA:0,(anonymous_4)
FNDA:0,(anonymous_5)
FNDA:0,(anonymous_6)
FNDA:0,(anonymous_7)
FNDA:0,(anonymous_8)
FNDA:0,(anonymous_9)
DA:11,0
DA:13,0
DA:20,0
DA:21,0
DA:27,0
DA:28,0
DA:30,0
DA:36,0
DA:42,0
DA:45,0
DA:46,0
DA:47,0
DA:48,0
DA:49,0
DA:53,0
DA:56,0
DA:58,0
DA:65,0
DA:72,0
DA:75,0
DA:79,0
DA:80,0
DA:81,0
DA:83,0
DA:90,0
DA:91,0
DA:94,0
DA:97,0
DA:98,0
DA:99,0
DA:100,0
DA:101,0
DA:105,0
DA:108,0
DA:110,0
DA:115,0
DA:119,0
LF:37
LH:0
BRDA:42,0,0,0
BRDA:42,0,1,0
BRDA:49,1,0,0
BRDA:49,1,1,0
BRDA:94,2,0,0
BRDA:94,2,1,0
BRDA:101,3,0,0
BRDA:101,3,1,0
BRF:8
BRH:0
end_of_record
TN:
SF:/Users/kibe/Andela/CP/react-bucketlist-api/client/containers/Dashboard.jsx
FN:22,(anonymous_0)
FN:36,(anonymous_1)
FN:48,(anonymous_2)
FN:54,(anonymous_3)
FN:64,(anonymous_4)
FN:87,(anonymous_5)
FNF:6
FNH:2
FNDA:1,(anonymous_0)
FNDA:0,(anonymous_1)
FNDA:0,(anonymous_2)
FNDA:0,(anonymous_3)
FNDA:0,(anonymous_4)
FNDA:1,(anonymous_5)
DA:23,1
DA:26,1
DA:31,1
DA:32,1
DA:37,0
DA:41,0
DA:42,0
DA:49,0
DA:51,0
DA:56,0
DA:57,0
DA:60,0
DA:65,0
DA:68,0
DA:69,0
DA:70,0
DA:71,0
DA:72,0
DA:76,0
DA:79,0
DA:81,0
DA:88,1
DA:89,0
DA:92,1
DA:93,1
DA:94,1
DA:99,0
DA:101,0
DA:102,0
DA:104,0
DA:105,0
DA:107,0
DA:108,0
DA:110,0
DA:111,0
DA:113,0
DA:114,0
DA:116,0
DA:117,0
DA:120,0
LF:40
LH:8
BRDA:41,0,0,0
BRDA:41,0,1,0
BRDA:65,1,0,0
BRDA:65,1,1,0
BRDA:72,2,0,0
BRDA:72,2,1,0
BRDA:88,3,0,0
BRDA:88,3,1,1
BRDA:92,4,0,1
BRDA:92,4,1,0
BRDA:99,5,0,0
BRDA:99,5,1,0
BRDA:99,5,2,0
BRDA:99,5,3,0
BRDA:99,5,4,0
BRDA:99,5,5,0
BRF:16
BRH:2
end_of_record
TN:
SF:/Users/kibe/Andela/CP/react-bucketlist-api/client/containers/LoginPage.jsx
FN:11,(anonymous_0)
FN:28,(anonymous_1)
FN:39,(anonymous_2)
FN:46,(anonymous_3)
FN:54,(anonymous_4)
FN:76,(anonymous_5)
FNF:6
FNH:2
FNDA:1,(anonymous_0)
FNDA:0,(anonymous_1)
FNDA:0,(anonymous_2)
FNDA:0,(anonymous_3)
FNDA:0,(anonymous_4)
FNDA:1,(anonymous_5)
DA:12,1
DA:15,1
DA:23,1
DA:24,1
DA:29,0
DA:30,0
DA:31,0
DA:33,0
DA:41,0
DA:43,0
DA:44,0
DA:46,0
DA:47,0
DA:49,0
DA:50,0
DA:55,0
DA:58,0
DA:59,0
DA:60,0
DA:61,0
DA:62,0
DA:66,0
DA:69,0
DA:71,0
DA:77,1
DA:78,0
DA:81,1
LF:27
LH:6
BRDA:55,0,0,0
BRDA:55,0,1,0
BRDA:62,1,0,0
BRDA:62,1,1,0
BRDA:77,2,0,0
BRDA:77,2,1,1
BRF:6
BRH:1
end_of_record
TN:
SF:/Users/kibe/Andela/CP/react-bucketlist-api/client/containers/SignUpPage.jsx
FN:11,(anonymous_0)
FN:31,(anonymous_1)
FN:42,(anonymous_2)
FN:49,(anonymous_3)
FN:58,(anonymous_4)
FN:80,(anonymous_5)
FNF:6
FNH:2
FNDA:1,(anonymous_0)
FNDA:0,(anonymous_1)
FNDA:0,(anonymous_2)
FNDA:0,(anonymous_3)
FNDA:0,(anonymous_4)
FNDA:1,(anonymous_5)
DA:12,1
DA:15,1
DA:26,1
DA:27,1
DA:32,0
DA:33,0
DA:34,0
DA:36,0
DA:44,0
DA:46,0
DA:47,0
DA:49,0
DA:50,0
DA:51,0
DA:56,0
DA:59,0
DA:62,0
DA:63,0
DA:64,0
DA:65,0
DA:66,0
DA:70,0
DA:73,0
DA:75,0
DA:81,1
LF:25
LH:5
BRDA:59,0,0,0
BRDA:59,0,1,0
BRDA:66,1,0,0
BRDA:66,1,1,0
BRF:4
BRH:0
end_of_record
